#
# A fatal error has been detected by the Java Runtime Environment:
#
#  EXCEPTION_ACCESS_VIOLATION (0xc0000005) at pc=0x0000024462da1066, pid=15748, tid=0x0000000000004acc
#
# JRE version: OpenJDK Runtime Environment (8.0_382-b05) (build 1.8.0_382-b05)
# Java VM: OpenJDK 64-Bit Server VM (25.382-b05 mixed mode windows-amd64 compressed oops)
# Problematic frame:
# C  [OpenAL64.dll+0x11066]
#
# Failed to write core dump. Minidumps are not enabled by default on client versions of Windows
#
# If you would like to submit a bug report, please visit:
#   https://github.com/adoptium/adoptium-support/issues
# The crash happened outside the Java Virtual Machine in native code.
# See problematic frame for where to report the bug.
#

---------------  T H R E A D  ---------------

Current thread (0x0000024446557000):  JavaThread "main" [_thread_in_native, id=19148, stack(0x000000b737800000,0x000000b737900000)]

siginfo: ExceptionCode=0xc0000005, reading address 0x00000244620df004

Registers:
RAX=0x0000000000000004, RBX=0x00000244642c0090, RCX=0x00000244620df008, RDX=0x00000244620df004
RSP=0x000000b7378fcc70, RBP=0x00000000000000ff, RSI=0x00000244620d664c, RDI=0x0000000000000000
R8 =0x000000000000226e, R9 =0x00000244620d664c, R10=0x0000024447e89c62, R11=0x0000000052178ee0
R12=0x0000000000000001, R13=0x0000024462c525e0, R14=0x000000b7378fce10, R15=0x0000024446557000
RIP=0x0000024462da1066, EFLAGS=0x0000000000010202

Top of Stack: (sp=0x000000b7378fcc70)
0x000000b7378fcc70:   0000000000000000 0000024446557000
0x000000b7378fcc80:   000000b7378fce10 0000024462c525e0
0x000000b7378fcc90:   0000024462c525e0 0000000000000000
0x000000b7378fcca0:   0000024446557000 0000000000000000
0x000000b7378fccb0:   000000b7378fcdd8 000000005200f1eb
0x000000b7378fccc0:   000000b7378fccf0 0000024447eca6d3
0x000000b7378fccd0:   00000244465167c0 0000024446557450
0x000000b7378fcce0:   0000024446557000 000000b7378fce10
0x000000b7378fccf0:   0000024462c525e0 0000000000000000
0x000000b7378fcd00:   00000244620d664c 0000000000000248
0x000000b7378fcd10:   000000b7378fcdd8 0000024462da248f
0x000000b7378fcd20:   00000244642c0090 00000244642c0090
0x000000b7378fcd30:   000002440000ac44 0000024400000004
0x000000b7378fcd40:   0000024447e77bd0 0000024447e89c8e
0x000000b7378fcd50:   0000024462c525e0 0000000000000248
0x000000b7378fcd60:   0000024447e77bd0 0000024447e8999b 

Instructions: (pc=0x0000024462da1066)
0x0000024462da1046:   41 2b ec 81 3a 03 00 02 00 75 09 8b 01 89 84 24
0x0000024462da1056:   c8 00 00 00 49 83 c0 02 48 83 c1 08 4a 8d 14 86
0x0000024462da1066:   39 3a 75 af 4c 8d 84 24 c0 00 00 00 48 8d 15 d7
0x0000024462da1076:   2b 03 00 33 c9 e8 58 5f 00 00 b8 40 1f 00 00 4c 


Register to memory mapping:

RAX=0x0000000000000004 is an unknown value
RBX=0x00000244642c0090 is an unknown value
RCX=0x00000244620df008 is an unknown value
RDX=0x00000244620df004 is an unknown value
RSP=0x000000b7378fcc70 is pointing into the stack for thread: 0x0000024446557000
RBP=0x00000000000000ff is an unknown value
RSI=0x00000244620d664c is an unknown value
RDI=0x0000000000000000 is an unknown value
R8 =0x000000000000226e is an unknown value
R9 =0x00000244620d664c is an unknown value
R10=0x0000024447e89c62 is at code_begin+962 in an Interpreter codelet
method entry point (kind = native)  [0x0000024447e898a0, 0x0000024447e8a340]  2720 bytes
R11=0x0000000052178ee0 is an unknown value
R12=0x0000000000000001 is an unknown value
R13={method} {0x0000024462c525e8} 'nalcCreateContext' '(JJ)J' in 'org/lwjgl/openal/ALC10'
R14=0x000000b7378fce10 is pointing into the stack for thread: 0x0000024446557000
R15=0x0000024446557000 is a thread


Stack: [0x000000b737800000,0x000000b737900000],  sp=0x000000b7378fcc70,  free space=1011k
Native frames: (J=compiled Java code, j=interpreted, Vv=VM code, C=native code)
C  [OpenAL64.dll+0x11066]
C  [OpenAL64.dll+0x1248f]
C  0x0000024447e89c8e

Java frames: (J=compiled Java code, j=interpreted, Vv=VM code)
j  org.lwjgl.openal.ALC10.nalcCreateContext(JJ)J+0
j  org.lwjgl.openal.ALC10.alcCreateContext(Lorg/lwjgl/openal/ALCdevice;Ljava/nio/IntBuffer;)Lorg/lwjgl/openal/ALCcontext;+8
j  org.lwjgl.openal.AL.init(Ljava/lang/String;IIZZ)V+69
j  org.lwjgl.openal.AL.create(Ljava/lang/String;IIZZ)V+246
j  org.lwjgl.openal.AL.create(Ljava/lang/String;IIZ)V+5
j  org.lwjgl.openal.AL.create()V+6
j  com.badlogic.gdx.backends.lwjgl.audio.OpenALAudio.<init>(III)V+114
j  com.badlogic.gdx.backends.lwjgl.LwjglApplication.<init>(Lcom/badlogic/gdx/ApplicationListener;Lcom/badlogic/gdx/backends/lwjgl/LwjglApplicationConfiguration;Lcom/badlogic/gdx/backends/lwjgl/LwjglGraphics;)V+120
j  com.badlogic.gdx.backends.lwjgl.LwjglApplication.<init>(Lcom/badlogic/gdx/ApplicationListener;Lcom/badlogic/gdx/backends/lwjgl/LwjglApplicationConfiguration;)V+11
j  org.uqbar.project.wollok.game.gameboard.WollokGDXApplication.<init>(Lorg/uqbar/project/wollok/game/gameboard/Gameboard;Ljava/lang/Boolean;)V+17
j  org.uqbar.project.wollok.game.helpers.Application.start(Lorg/uqbar/project/wollok/game/gameboard/Gameboard;Ljava/lang/Boolean;)V+5
j  org.uqbar.project.wollok.game.gameboard.Gameboard.start(Ljava/lang/Boolean;)V+13
j  wollok.game.GameObject.doStart(Ljava/lang/Boolean;)V+12
v  ~StubRoutines::call_stub
j  sun.reflect.NativeMethodAccessorImpl.invoke0(Ljava/lang/reflect/Method;Ljava/lang/Object;[Ljava/lang/Object;)Ljava/lang/Object;+0
j  sun.reflect.NativeMethodAccessorImpl.invoke(Ljava/lang/Object;[Ljava/lang/Object;)Ljava/lang/Object;+100
J 2679 C1 sun.reflect.DelegatingMethodAccessorImpl.invoke(Ljava/lang/Object;[Ljava/lang/Object;)Ljava/lang/Object; (10 bytes) @ 0x0000024448728e44 [0x0000024448728d40+0x104]
J 2678 C1 java.lang.reflect.Method.invoke(Ljava/lang/Object;[Ljava/lang/Object;)Ljava/lang/Object; (62 bytes) @ 0x000002444872886c [0x0000024448728480+0x3ec]
j  org.uqbar.project.wollok.ui.utils.XTendUtilExtensions.invokeConvertingArgs(Ljava/lang/reflect/Method;Ljava/lang/Object;[Ljava/lang/Object;)Lorg/uqbar/project/wollok/interpreter/core/WollokObject;+261
j  org.uqbar.project.wollok.interpreter.AbstractWollokCallable._invokeNative(Ljava/lang/Object;Ljava/lang/String;[Lorg/uqbar/project/wollok/interpreter/core/WollokObject;)Lorg/uqbar/project/wollok/interpreter/core/WollokObject;+41
j  org.uqbar.project.wollok.interpreter.AbstractWollokCallable.invokeNative(Ljava/lang/Object;Ljava/lang/String;[Lorg/uqbar/project/wollok/interpreter/core/WollokObject;)Lorg/uqbar/project/wollok/interpreter/core/WollokObject;+26
j  org.uqbar.project.wollok.interpreter.AbstractWollokCallable$1.apply()Lorg/uqbar/project/wollok/interpreter/core/WollokObject;+55
j  org.uqbar.project.wollok.interpreter.AbstractWollokCallable$1.apply()Ljava/lang/Object;+1
j  org.uqbar.project.wollok.interpreter.threads.WThread.performOnStack(Lorg/eclipse/emf/ecore/EObject;Lorg/uqbar/project/wollok/interpreter/context/EvaluationContext;Lorg/eclipse/xtext/xbase/lib/Functions$Function0;)Lorg/uqbar/project/wollok/interpreter/core/WollokObject;+29
j  org.uqbar.project.wollok.interpreter.WollokInterpreter.performOnStack(Lorg/eclipse/emf/ecore/EObject;Lorg/uqbar/project/wollok/interpreter/context/EvaluationContext;Lorg/eclipse/xtext/xbase/lib/Functions$Function0;)Lorg/uqbar/project/wollok/interpreter/core/WollokObject;+7
j  org.uqbar.project.wollok.interpreter.AbstractWollokCallable.call(Lorg/uqbar/project/wollok/wollokDsl/WMethodDeclaration;[Lorg/uqbar/project/wollok/interpreter/core/WollokObject;)Lorg/uqbar/project/wollok/interpreter/core/WollokObject;+38
j  org.uqbar.project.wollok.interpreter.core.WollokObject.call(Ljava/lang/String;[Lorg/uqbar/project/wollok/interpreter/core/WollokObject;)Lorg/uqbar/project/wollok/interpreter/core/WollokObject;+55
j  org.uqbar.project.wollok.interpreter.WollokInterpreterEvaluator._evaluate(Lorg/uqbar/project/wollok/wollokDsl/WFeatureCall;)Lorg/uqbar/project/wollok/interpreter/core/WollokObject;+119
j  org.uqbar.project.wollok.launch.WollokLauncherInterpreterEvaluator.evaluate(Lorg/eclipse/emf/ecore/EObject;)Lorg/uqbar/project/wollok/interpreter/core/WollokObject;+412
j  org.uqbar.project.wollok.interpreter.WollokInterpreterEvaluator.evaluate(Lorg/eclipse/emf/ecore/EObject;)Ljava/lang/Object;+2
j  org.uqbar.project.wollok.interpreter.WollokInterpreter.eval(Lorg/eclipse/emf/ecore/EObject;)Lorg/uqbar/project/wollok/interpreter/core/WollokObject;+63
J 3250 C1 org.uqbar.project.wollok.interpreter.WollokInterpreterEvaluator.eval(Lorg/eclipse/emf/ecore/EObject;)Lorg/uqbar/project/wollok/interpreter/core/WollokObject; (9 bytes) @ 0x0000024448857264 [0x0000024448857200+0x64]
j  org.uqbar.project.wollok.interpreter.WollokInterpreterEvaluator$1.apply(Lorg/uqbar/project/wollok/interpreter/core/WollokObject;Lorg/eclipse/emf/ecore/EObject;)Lorg/uqbar/project/wollok/interpreter/core/WollokObject;+5
j  org.uqbar.project.wollok.interpreter.WollokInterpreterEvaluator$1.apply(Ljava/lang/Object;Ljava/lang/Object;)Ljava/lang/Object;+9
J 3255 C1 org.eclipse.xtext.xbase.lib.IterableExtensions.fold(Ljava/lang/Iterable;Ljava/lang/Object;Lorg/eclipse/xtext/xbase/lib/Functions$Function2;)Ljava/lang/Object; (12 bytes) @ 0x00000244488599fc [0x0000024448859960+0x9c]
j  org.uqbar.project.wollok.interpreter.WollokInterpreterEvaluator.evalAll(Ljava/lang/Iterable;)Lorg/uqbar/project/wollok/interpreter/core/WollokObject;+12
j  org.uqbar.project.wollok.interpreter.WollokInterpreterEvaluator._evaluate(Lorg/uqbar/project/wollok/wollokDsl/WBlockExpression;)Lorg/uqbar/project/wollok/interpreter/core/WollokObject;+34
j  org.uqbar.project.wollok.launch.WollokLauncherInterpreterEvaluator.evaluate(Lorg/eclipse/emf/ecore/EObject;)Lorg/uqbar/project/wollok/interpreter/core/WollokObject;+76
j  org.uqbar.project.wollok.interpreter.WollokInterpreterEvaluator.evaluate(Lorg/eclipse/emf/ecore/EObject;)Ljava/lang/Object;+2
j  org.uqbar.project.wollok.interpreter.WollokInterpreter.eval(Lorg/eclipse/emf/ecore/EObject;)Lorg/uqbar/project/wollok/interpreter/core/WollokObject;+63
j  org.uqbar.project.wollok.interpreter.AbstractWollokCallable.eval(Lorg/eclipse/emf/ecore/EObject;)Lorg/uqbar/project/wollok/interpreter/core/WollokObject;+5
j  org.uqbar.project.wollok.interpreter.AbstractWollokCallable$1.apply()Lorg/uqbar/project/wollok/interpreter/core/WollokObject;+110
j  org.uqbar.project.wollok.interpreter.AbstractWollokCallable$1.apply()Ljava/lang/Object;+1
j  org.uqbar.project.wollok.interpreter.threads.WThread.performOnStack(Lorg/eclipse/emf/ecore/EObject;Lorg/uqbar/project/wollok/interpreter/context/EvaluationContext;Lorg/eclipse/xtext/xbase/lib/Functions$Function0;)Lorg/uqbar/project/wollok/interpreter/core/WollokObject;+29
j  org.uqbar.project.wollok.interpreter.WollokInterpreter.performOnStack(Lorg/eclipse/emf/ecore/EObject;Lorg/uqbar/project/wollok/interpreter/context/EvaluationContext;Lorg/eclipse/xtext/xbase/lib/Functions$Function0;)Lorg/uqbar/project/wollok/interpreter/core/WollokObject;+7
j  org.uqbar.project.wollok.interpreter.AbstractWollokCallable.call(Lorg/uqbar/project/wollok/wollokDsl/WMethodDeclaration;[Lorg/uqbar/project/wollok/interpreter/core/WollokObject;)Lorg/uqbar/project/wollok/interpreter/core/WollokObject;+38
j  org.uqbar.project.wollok.interpreter.core.WollokObject.call(Ljava/lang/String;[Lorg/uqbar/project/wollok/interpreter/core/WollokObject;)Lorg/uqbar/project/wollok/interpreter/core/WollokObject;+55
j  org.uqbar.project.wollok.interpreter.WollokInterpreterEvaluator._evaluate(Lorg/uqbar/project/wollok/wollokDsl/WFeatureCall;)Lorg/uqbar/project/wollok/interpreter/core/WollokObject;+119
j  org.uqbar.project.wollok.launch.WollokLauncherInterpreterEvaluator.evaluate(Lorg/eclipse/emf/ecore/EObject;)Lorg/uqbar/project/wollok/interpreter/core/WollokObject;+412
j  org.uqbar.project.wollok.interpreter.WollokInterpreterEvaluator.evaluate(Lorg/eclipse/emf/ecore/EObject;)Ljava/lang/Object;+2
j  org.uqbar.project.wollok.interpreter.WollokInterpreter.eval(Lorg/eclipse/emf/ecore/EObject;)Lorg/uqbar/project/wollok/interpreter/core/WollokObject;+63
J 3250 C1 org.uqbar.project.wollok.interpreter.WollokInterpreterEvaluator.eval(Lorg/eclipse/emf/ecore/EObject;)Lorg/uqbar/project/wollok/interpreter/core/WollokObject; (9 bytes) @ 0x0000024448857264 [0x0000024448857200+0x64]
j  org.uqbar.project.wollok.interpreter.WollokInterpreterEvaluator$1.apply(Lorg/uqbar/project/wollok/interpreter/core/WollokObject;Lorg/eclipse/emf/ecore/EObject;)Lorg/uqbar/project/wollok/interpreter/core/WollokObject;+5
j  org.uqbar.project.wollok.interpreter.WollokInterpreterEvaluator$1.apply(Ljava/lang/Object;Ljava/lang/Object;)Ljava/lang/Object;+9
j  org.eclipse.xtext.xbase.lib.IteratorExtensions.fold(Ljava/util/Iterator;Ljava/lang/Object;Lorg/eclipse/xtext/xbase/lib/Functions$Function2;)Ljava/lang/Object;+19
j  org.eclipse.xtext.xbase.lib.IterableExtensions.fold(Ljava/lang/Iterable;Ljava/lang/Object;Lorg/eclipse/xtext/xbase/lib/Functions$Function2;)Ljava/lang/Object;+8
j  org.uqbar.project.wollok.interpreter.WollokInterpreterEvaluator.evalAll(Ljava/lang/Iterable;)Lorg/uqbar/project/wollok/interpreter/core/WollokObject;+12
j  org.uqbar.project.wollok.interpreter.WollokInterpreterEvaluator._evaluate(Lorg/uqbar/project/wollok/wollokDsl/WProgram;)Lorg/uqbar/project/wollok/interpreter/core/WollokObject;+18
j  org.uqbar.project.wollok.launch.WollokLauncherInterpreterEvaluator.evaluate(Lorg/eclipse/emf/ecore/EObject;)Lorg/uqbar/project/wollok/interpreter/core/WollokObject;+444
j  org.uqbar.project.wollok.interpreter.WollokInterpreterEvaluator.evaluate(Lorg/eclipse/emf/ecore/EObject;)Ljava/lang/Object;+2
j  org.uqbar.project.wollok.interpreter.WollokInterpreter.eval(Lorg/eclipse/emf/ecore/EObject;)Lorg/uqbar/project/wollok/interpreter/core/WollokObject;+63
j  org.uqbar.project.wollok.interpreter.WollokInterpreterEvaluator.eval(Lorg/eclipse/emf/ecore/EObject;)Lorg/uqbar/project/wollok/interpreter/core/WollokObject;+5
j  org.uqbar.project.wollok.launch.WollokLauncherInterpreterEvaluator._evaluate(Lorg/uqbar/project/wollok/wollokDsl/WFile;)Lorg/uqbar/project/wollok/interpreter/core/WollokObject;+32
j  org.uqbar.project.wollok.launch.WollokLauncherInterpreterEvaluator.evaluate(Lorg/eclipse/emf/ecore/EObject;)Lorg/uqbar/project/wollok/interpreter/core/WollokObject;+428
j  org.uqbar.project.wollok.interpreter.WollokInterpreterEvaluator.evaluate(Lorg/eclipse/emf/ecore/EObject;)Ljava/lang/Object;+2
j  org.uqbar.project.wollok.interpreter.WollokInterpreter.interpret(Lorg/eclipse/emf/ecore/EObject;Ljava/lang/Boolean;)Lorg/uqbar/project/wollok/interpreter/core/WollokObject;+25
j  org.uqbar.project.wollok.interpreter.WollokInterpreter.interpret(Lorg/eclipse/emf/ecore/EObject;)Lorg/uqbar/project/wollok/interpreter/core/WollokObject;+8
j  org.uqbar.project.wollok.launch.WollokLauncher.doSomething(Lorg/uqbar/project/wollok/wollokDsl/WFile;Lcom/google/inject/Injector;Ljava/io/File;Lorg/uqbar/project/wollok/launch/WollokLauncherParameters;)V+109
j  org.uqbar.project.wollok.launch.WollokChecker.launch(Ljava/lang/String;Lorg/uqbar/project/wollok/launch/WollokLauncherParameters;)V+31
j  org.uqbar.project.wollok.launch.WollokChecker.doMain([Ljava/lang/String;)V+205
j  org.uqbar.project.wollok.launch.WollokLauncher.main([Ljava/lang/String;)V+8
v  ~StubRoutines::call_stub

---------------  P R O C E S S  ---------------

Java Threads: ( => current thread )
  0x000002445f305800 JavaThread "com.google.inject.internal.util.$Finalizer" daemon [_thread_blocked, id=18628, stack(0x000000b738d00000,0x000000b738e00000)]
  0x000002445f041000 JavaThread "EMF Reference Cleaner" daemon [_thread_blocked, id=4048, stack(0x000000b738c00000,0x000000b738d00000)]
  0x000002445e48b000 JavaThread "Service Thread" daemon [_thread_blocked, id=10352, stack(0x000000b738a00000,0x000000b738b00000)]
  0x000002445c618000 JavaThread "C1 CompilerThread3" daemon [_thread_blocked, id=10392, stack(0x000000b738900000,0x000000b738a00000)]
  0x000002445c5ef000 JavaThread "C2 CompilerThread2" daemon [_thread_blocked, id=18572, stack(0x000000b738800000,0x000000b738900000)]
  0x000002445c5e9800 JavaThread "C2 CompilerThread1" daemon [_thread_blocked, id=14632, stack(0x000000b738700000,0x000000b738800000)]
  0x000002445c5d1000 JavaThread "C2 CompilerThread0" daemon [_thread_blocked, id=22388, stack(0x000000b738600000,0x000000b738700000)]
  0x000002445c5e3800 JavaThread "Attach Listener" daemon [_thread_blocked, id=14536, stack(0x000000b738500000,0x000000b738600000)]
  0x000002445c5e1000 JavaThread "Signal Dispatcher" daemon [_thread_blocked, id=19172, stack(0x000000b738400000,0x000000b738500000)]
  0x000002445c5b6000 JavaThread "Finalizer" daemon [_thread_blocked, id=12096, stack(0x000000b738300000,0x000000b738400000)]
  0x000002445c5a6800 JavaThread "Reference Handler" daemon [_thread_blocked, id=3684, stack(0x000000b738200000,0x000000b738300000)]
=>0x0000024446557000 JavaThread "main" [_thread_in_native, id=19148, stack(0x000000b737800000,0x000000b737900000)]

Other Threads:
  0x000002445c57d800 VMThread [stack: 0x000000b738100000,0x000000b738200000] [id=23456]
  0x000002445e497000 WatcherThread [stack: 0x000000b738b00000,0x000000b738c00000] [id=16380]

VM state:not at safepoint (normal execution)

VM Mutex/Monitor currently owned by a thread: None

heap address: 0x0000000083200000, size: 1998 MB, Compressed Oops mode: 32-bit
Narrow klass base: 0x0000000000000000, Narrow klass shift: 3
Compressed class space size: 1073741824 Address: 0x0000000100000000

Heap:
 PSYoungGen      total 136192K, used 20807K [0x00000000d6600000, 0x00000000df000000, 0x0000000100000000)
  eden space 131072K, 15% used [0x00000000d6600000,0x00000000d7a51cd0,0x00000000de600000)
  from space 5120K, 0% used [0x00000000deb00000,0x00000000deb00000,0x00000000df000000)
  to   space 5120K, 0% used [0x00000000de600000,0x00000000de600000,0x00000000deb00000)
 ParOldGen       total 85504K, used 17351K [0x0000000083200000, 0x0000000088580000, 0x00000000d6600000)
  object space 85504K, 20% used [0x0000000083200000,0x00000000842f1f98,0x0000000088580000)
 Metaspace       used 22075K, capacity 22436K, committed 22704K, reserved 1069056K
  class space    used 2778K, capacity 2880K, committed 2944K, reserved 1048576K

Card table byte_map: [0x0000024457230000,0x0000024457620000] byte_map_base: 0x0000024456e17000

Marking Bits: (ParMarkBitMap*) 0x000000005274f810
 Begin Bits: [0x00000244578c0000, 0x00000244597f8000)
 End Bits:   [0x00000244597f8000, 0x000002445b730000)

Polling page: 0x0000024446690000

CodeCache: size=245760Kb used=10651Kb max_used=10651Kb free=235108Kb
 bounds [0x0000024447e70000, 0x00000244488e0000, 0x0000024456e70000]
 total_blobs=3794 nmethods=3339 adapters=365
 compilation: enabled

Compilation events (10 events):
Event: 1.969 Thread 0x000002445c618000 3336   !   3       java.lang.Package::getSystemPackage (63 bytes)
Event: 1.969 Thread 0x000002445c618000 nmethod 3336 0x00000244488dd090 code [0x00000244488dd280, 0x00000244488ddb60]
Event: 1.974 Thread 0x000002445c618000 3337       3       java.nio.DirectByteBuffer::put (18 bytes)
Event: 1.974 Thread 0x000002445c618000 nmethod 3337 0x00000244488de410 code [0x00000244488de580, 0x00000244488de7f8]
Event: 1.974 Thread 0x000002445c618000 3338       3       java.nio.DirectByteBuffer::ix (10 bytes)
Event: 1.975 Thread 0x000002445c618000 nmethod 3338 0x00000244488de910 code [0x00000244488dea60, 0x00000244488debb8]
Event: 1.975 Thread 0x000002445c618000 3341       1       java.nio.DirectByteBuffer::ix (10 bytes)
Event: 1.975 Thread 0x000002445c618000 nmethod 3341 0x00000244488dec50 code [0x00000244488deda0, 0x00000244488deeb8]
Event: 1.976 Thread 0x000002445c618000 3340       3       java.nio.DirectByteBuffer::put (18 bytes)
Event: 1.976 Thread 0x000002445c618000 nmethod 3340 0x00000244488def10 code [0x00000244488df080, 0x00000244488df2f8]

GC Heap History (10 events):
Event: 0.368 GC heap before
{Heap before GC invocations=1 (full 0):
 PSYoungGen      total 37888K, used 32768K [0x00000000d6600000, 0x00000000d9000000, 0x0000000100000000)
  eden space 32768K, 100% used [0x00000000d6600000,0x00000000d8600000,0x00000000d8600000)
  from space 5120K, 0% used [0x00000000d8b00000,0x00000000d8b00000,0x00000000d9000000)
  to   space 5120K, 0% used [0x00000000d8600000,0x00000000d8600000,0x00000000d8b00000)
 ParOldGen       total 86016K, used 0K [0x0000000083200000, 0x0000000088600000, 0x00000000d6600000)
  object space 86016K, 0% used [0x0000000083200000,0x0000000083200000,0x0000000088600000)
 Metaspace       used 7311K, capacity 7466K, committed 7552K, reserved 1056768K
  class space    used 800K, capacity 871K, committed 896K, reserved 1048576K
Event: 0.372 GC heap after
Heap after GC invocations=1 (full 0):
 PSYoungGen      total 37888K, used 5112K [0x00000000d6600000, 0x00000000db000000, 0x0000000100000000)
  eden space 32768K, 0% used [0x00000000d6600000,0x00000000d6600000,0x00000000d8600000)
  from space 5120K, 99% used [0x00000000d8600000,0x00000000d8afe3b0,0x00000000d8b00000)
  to   space 5120K, 0% used [0x00000000dab00000,0x00000000dab00000,0x00000000db000000)
 ParOldGen       total 86016K, used 629K [0x0000000083200000, 0x0000000088600000, 0x00000000d6600000)
  object space 86016K, 0% used [0x0000000083200000,0x000000008329d640,0x0000000088600000)
 Metaspace       used 7311K, capacity 7466K, committed 7552K, reserved 1056768K
  class space    used 800K, capacity 871K, committed 896K, reserved 1048576K
}
Event: 0.565 GC heap before
{Heap before GC invocations=2 (full 0):
 PSYoungGen      total 37888K, used 37880K [0x00000000d6600000, 0x00000000db000000, 0x0000000100000000)
  eden space 32768K, 100% used [0x00000000d6600000,0x00000000d8600000,0x00000000d8600000)
  from space 5120K, 99% used [0x00000000d8600000,0x00000000d8afe3b0,0x00000000d8b00000)
  to   space 5120K, 0% used [0x00000000dab00000,0x00000000dab00000,0x00000000db000000)
 ParOldGen       total 86016K, used 629K [0x0000000083200000, 0x0000000088600000, 0x00000000d6600000)
  object space 86016K, 0% used [0x0000000083200000,0x000000008329d640,0x0000000088600000)
 Metaspace       used 10020K, capacity 10192K, committed 10368K, reserved 1058816K
  class space    used 1195K, capacity 1288K, committed 1408K, reserved 1048576K
Event: 0.571 GC heap after
Heap after GC invocations=2 (full 0):
 PSYoungGen      total 70656K, used 5101K [0x00000000d6600000, 0x00000000db000000, 0x0000000100000000)
  eden space 65536K, 0% used [0x00000000d6600000,0x00000000d6600000,0x00000000da600000)
  from space 5120K, 99% used [0x00000000dab00000,0x00000000daffb798,0x00000000db000000)
  to   space 5120K, 0% used [0x00000000da600000,0x00000000da600000,0x00000000dab00000)
 ParOldGen       total 86016K, used 9991K [0x0000000083200000, 0x0000000088600000, 0x00000000d6600000)
  object space 86016K, 11% used [0x0000000083200000,0x0000000083bc1f10,0x0000000088600000)
 Metaspace       used 10020K, capacity 10192K, committed 10368K, reserved 1058816K
  class space    used 1195K, capacity 1288K, committed 1408K, reserved 1048576K
}
Event: 1.115 GC heap before
{Heap before GC invocations=3 (full 0):
 PSYoungGen      total 70656K, used 70637K [0x00000000d6600000, 0x00000000db000000, 0x0000000100000000)
  eden space 65536K, 100% used [0x00000000d6600000,0x00000000da600000,0x00000000da600000)
  from space 5120K, 99% used [0x00000000dab00000,0x00000000daffb798,0x00000000db000000)
  to   space 5120K, 0% used [0x00000000da600000,0x00000000da600000,0x00000000dab00000)
 ParOldGen       total 86016K, used 9991K [0x0000000083200000, 0x0000000088600000, 0x00000000d6600000)
  object space 86016K, 11% used [0x0000000083200000,0x0000000083bc1f10,0x0000000088600000)
 Metaspace       used 17535K, capacity 17746K, committed 18048K, reserved 1064960K
  class space    used 2234K, capacity 2323K, committed 2432K, reserved 1048576K
Event: 1.124 GC heap after
Heap after GC invocations=3 (full 0):
 PSYoungGen      total 70656K, used 5099K [0x00000000d6600000, 0x00000000df000000, 0x0000000100000000)
  eden space 65536K, 0% used [0x00000000d6600000,0x00000000d6600000,0x00000000da600000)
  from space 5120K, 99% used [0x00000000da600000,0x00000000daafaf20,0x00000000dab00000)
  to   space 5120K, 0% used [0x00000000deb00000,0x00000000deb00000,0x00000000df000000)
 ParOldGen       total 86016K, used 23313K [0x0000000083200000, 0x0000000088600000, 0x00000000d6600000)
  object space 86016K, 27% used [0x0000000083200000,0x00000000848c4690,0x0000000088600000)
 Metaspace       used 17535K, capacity 17746K, committed 18048K, reserved 1064960K
  class space    used 2234K, capacity 2323K, committed 2432K, reserved 1048576K
}
Event: 1.602 GC heap before
{Heap before GC invocations=4 (full 0):
 PSYoungGen      total 70656K, used 40455K [0x00000000d6600000, 0x00000000df000000, 0x0000000100000000)
  eden space 65536K, 53% used [0x00000000d6600000,0x00000000d8886d60,0x00000000da600000)
  from space 5120K, 99% used [0x00000000da600000,0x00000000daafaf20,0x00000000dab00000)
  to   space 5120K, 0% used [0x00000000deb00000,0x00000000deb00000,0x00000000df000000)
 ParOldGen       total 86016K, used 23313K [0x0000000083200000, 0x0000000088600000, 0x00000000d6600000)
  object space 86016K, 27% used [0x0000000083200000,0x00000000848c4690,0x0000000088600000)
 Metaspace       used 20939K, capacity 21178K, committed 21296K, reserved 1069056K
  class space    used 2660K, capacity 2745K, committed 2816K, reserved 1048576K
Event: 1.610 GC heap after
Heap after GC invocations=4 (full 0):
 PSYoungGen      total 136192K, used 5099K [0x00000000d6600000, 0x00000000df000000, 0x0000000100000000)
  eden space 131072K, 0% used [0x00000000d6600000,0x00000000d6600000,0x00000000de600000)
  from space 5120K, 99% used [0x00000000deb00000,0x00000000deffaf30,0x00000000df000000)
  to   space 5120K, 0% used [0x00000000de600000,0x00000000de600000,0x00000000deb00000)
 ParOldGen       total 86016K, used 28760K [0x0000000083200000, 0x0000000088600000, 0x00000000d6600000)
  object space 86016K, 33% used [0x0000000083200000,0x0000000084e160a8,0x0000000088600000)
 Metaspace       used 20939K, capacity 21178K, committed 21296K, reserved 1069056K
  class space    used 2660K, capacity 2745K, committed 2816K, reserved 1048576K
}
Event: 1.610 GC heap before
{Heap before GC invocations=5 (full 1):
 PSYoungGen      total 136192K, used 5099K [0x00000000d6600000, 0x00000000df000000, 0x0000000100000000)
  eden space 131072K, 0% used [0x00000000d6600000,0x00000000d6600000,0x00000000de600000)
  from space 5120K, 99% used [0x00000000deb00000,0x00000000deffaf30,0x00000000df000000)
  to   space 5120K, 0% used [0x00000000de600000,0x00000000de600000,0x00000000deb00000)
 ParOldGen       total 86016K, used 28760K [0x0000000083200000, 0x0000000088600000, 0x00000000d6600000)
  object space 86016K, 33% used [0x0000000083200000,0x0000000084e160a8,0x0000000088600000)
 Metaspace       used 20939K, capacity 21178K, committed 21296K, reserved 1069056K
  class space    used 2660K, capacity 2745K, committed 2816K, reserved 1048576K
Event: 1.654 GC heap after
Heap after GC invocations=5 (full 1):
 PSYoungGen      total 136192K, used 0K [0x00000000d6600000, 0x00000000df000000, 0x0000000100000000)
  eden space 131072K, 0% used [0x00000000d6600000,0x00000000d6600000,0x00000000de600000)
  from space 5120K, 0% used [0x00000000deb00000,0x00000000deb00000,0x00000000df000000)
  to   space 5120K, 0% used [0x00000000de600000,0x00000000de600000,0x00000000deb00000)
 ParOldGen       total 85504K, used 17351K [0x0000000083200000, 0x0000000088580000, 0x00000000d6600000)
  object space 85504K, 20% used [0x0000000083200000,0x00000000842f1f98,0x0000000088580000)
 Metaspace       used 20939K, capacity 21178K, committed 21296K, reserved 1069056K
  class space    used 2660K, capacity 2745K, committed 2816K, reserved 1048576K
}

Deoptimization events (10 events):
Event: 1.390 Thread 0x0000024446557000 Uncommon trap: reason=array_check action=maybe_recompile pc=0x00000244486543d8 method=org.eclipse.emf.common.util.BasicEList.assign(ILjava/lang/Object;)Ljava/lang/Object; @ 6
Event: 1.399 Thread 0x0000024446557000 Uncommon trap: reason=class_check action=maybe_recompile pc=0x0000024448553a68 method=org.eclipse.xtext.nodemodel.impl.NodeModelBuilder.addChild(Lorg/eclipse/xtext/nodemodel/ICompositeNode;Lorg/eclipse/xtext/nodemodel/impl/AbstractNode;)V @ 6
Event: 1.411 Thread 0x0000024446557000 Uncommon trap: reason=unstable_if action=reinterpret pc=0x000002444865bd14 method=org.eclipse.xtext.parser.antlr.AbstractInternalAntlrParser.createLeafNode(Lorg/antlr/runtime/Token;Lorg/eclipse/emf/ecore/EObject;)Lorg/eclipse/xtext/nodemodel/ILeafNode; @ 
Event: 1.411 Thread 0x0000024446557000 Uncommon trap: reason=unstable_if action=reinterpret pc=0x000002444861f9c4 method=org.eclipse.xtext.nodemodel.impl.NodeModelBuilder.newLeafNode(IILorg/eclipse/emf/ecore/EObject;ZLorg/eclipse/xtext/nodemodel/SyntaxErrorMessage;Lorg/eclipse/xtext/nodemodel/
Event: 1.508 Thread 0x0000024446557000 Uncommon trap: reason=unstable_if action=reinterpret pc=0x00000244483583ac method=java.util.concurrent.ConcurrentHashMap.putVal(Ljava/lang/Object;Ljava/lang/Object;Z)Ljava/lang/Object; @ 181
Event: 1.575 Thread 0x0000024446557000 Uncommon trap: reason=unstable_if action=reinterpret pc=0x00000244487679d8 method=org.eclipse.emf.common.notify.impl.NotifierImpl.eAdapters()Lorg/eclipse/emf/common/util/EList; @ 4
Event: 1.577 Thread 0x0000024446557000 Uncommon trap: reason=unstable_if action=reinterpret pc=0x000002444878b980 method=org.eclipse.emf.common.notify.impl.BasicNotifierImpl$EAdapterList.getAdapterForType(Ljava/lang/Object;)Lorg/eclipse/emf/common/notify/Adapter; @ 50
Event: 1.779 Thread 0x0000024446557000 Uncommon trap: reason=unstable_if action=reinterpret pc=0x00000244481d2608 method=java.io.WinNTFileSystem.normalize(Ljava/lang/String;)Ljava/lang/String; @ 49
Event: 1.798 Thread 0x0000024446557000 Uncommon trap: reason=predicate action=maybe_recompile pc=0x00000244482c1994 method=java.lang.String.regionMatches(ZILjava/lang/String;II)Z @ 63
Event: 1.952 Thread 0x0000024446557000 Uncommon trap: reason=unstable_if action=reinterpret pc=0x000002444808b548 method=java.lang.ThreadLocal$ThreadLocalMap.getEntry(Ljava/lang/ThreadLocal;)Ljava/lang/ThreadLocal$ThreadLocalMap$Entry; @ 29

Classes redefined (0 events):
No events

Internal exceptions (10 events):
Event: 1.425 Thread 0x0000024446557000 Exception <a 'java/io/FileNotFoundException'> (0x00000000d783a698) thrown at [J:\jenkins\tmp\workspace\build\src\hotspot\src\share\vm\prims\jni.cpp, line 709]
Event: 1.426 Thread 0x0000024446557000 Exception <a 'java/io/FileNotFoundException'> (0x00000000d7845410) thrown at [J:\jenkins\tmp\workspace\build\src\hotspot\src\share\vm\prims\jni.cpp, line 709]
Event: 1.432 Thread 0x0000024446557000 Exception <a 'java/io/FileNotFoundException'> (0x00000000d78b05d0) thrown at [J:\jenkins\tmp\workspace\build\src\hotspot\src\share\vm\prims\jni.cpp, line 709]
Event: 1.576 Thread 0x0000024446557000 Exception <a 'java/io/FileNotFoundException'> (0x00000000d8611c80) thrown at [J:\jenkins\tmp\workspace\build\src\hotspot\src\share\vm\prims\jni.cpp, line 709]
Event: 1.980 Thread 0x0000024446557000 Exception <a 'java/security/PrivilegedActionException'> (0x00000000d779e4b0) thrown at [J:\jenkins\tmp\workspace\build\src\hotspot\src\share\vm\prims\jvm.cpp, line 1514]
Event: 1.980 Thread 0x0000024446557000 Exception <a 'java/security/PrivilegedActionException'> (0x00000000d779f9e0) thrown at [J:\jenkins\tmp\workspace\build\src\hotspot\src\share\vm\prims\jvm.cpp, line 1514]
Event: 1.980 Thread 0x0000024446557000 Exception <a 'java/security/PrivilegedActionException'> (0x00000000d77a0e10) thrown at [J:\jenkins\tmp\workspace\build\src\hotspot\src\share\vm\prims\jvm.cpp, line 1514]
Event: 1.980 Thread 0x0000024446557000 Exception <a 'java/security/PrivilegedActionException'> (0x00000000d77a24d0) thrown at [J:\jenkins\tmp\workspace\build\src\hotspot\src\share\vm\prims\jvm.cpp, line 1514]
Event: 1.980 Thread 0x0000024446557000 Exception <a 'java/security/PrivilegedActionException'> (0x00000000d77a38c8) thrown at [J:\jenkins\tmp\workspace\build\src\hotspot\src\share\vm\prims\jvm.cpp, line 1514]
Event: 1.980 Thread 0x0000024446557000 Exception <a 'java/security/PrivilegedActionException'> (0x00000000d77a4c90) thrown at [J:\jenkins\tmp\workspace\build\src\hotspot\src\share\vm\prims\jvm.cpp, line 1514]

Events (10 events):
Event: 1.995 loading class org/lwjgl/openal/ALCdevice
Event: 1.995 loading class org/lwjgl/openal/ALCdevice done
Event: 1.996 loading class org/lwjgl/openal/ALCcontext
Event: 1.996 loading class org/lwjgl/openal/ALCcontext done
Event: 1.996 loading class java/nio/DirectIntBufferU
Event: 1.996 loading class java/nio/DirectIntBufferU done
Event: 1.997 loading class org/lwjgl/openal/Util
Event: 1.997 loading class org/lwjgl/openal/Util done
Event: 1.997 loading class org/lwjgl/openal/OpenALException
Event: 1.997 loading class org/lwjgl/openal/OpenALException done


Dynamic libraries:
0x00007ff78af50000 - 0x00007ff78af96000 	C:\Program Files\Eclipse Adoptium\jdk-8.0.382.5-hotspot\bin\javaw.exe
0x00007ff948a30000 - 0x00007ff948c44000 	C:\WINDOWS\SYSTEM32\ntdll.dll
0x00007ff930ac0000 - 0x00007ff930ad9000 	C:\Program Files\Avast Software\Avast\aswhook.dll
0x00007ff947900000 - 0x00007ff9479c4000 	C:\WINDOWS\System32\KERNEL32.DLL
0x00007ff946110000 - 0x00007ff9464b4000 	C:\WINDOWS\System32\KERNELBASE.dll
0x00007ff9479d0000 - 0x00007ff947a80000 	C:\WINDOWS\System32\ADVAPI32.dll
0x00007ff947610000 - 0x00007ff9476b7000 	C:\WINDOWS\System32\msvcrt.dll
0x00007ff946960000 - 0x00007ff946a06000 	C:\WINDOWS\System32\sechost.dll
0x00007ff9477e0000 - 0x00007ff9478f7000 	C:\WINDOWS\System32\RPCRT4.dll
0x00007ff948330000 - 0x00007ff9484de000 	C:\WINDOWS\System32\USER32.dll
0x00007ff9460e0000 - 0x00007ff946106000 	C:\WINDOWS\System32\win32u.dll
0x00007ff947b20000 - 0x00007ff947b49000 	C:\WINDOWS\System32\GDI32.dll
0x00007ff945e60000 - 0x00007ff945f78000 	C:\WINDOWS\System32\gdi32full.dll
0x00007ff946040000 - 0x00007ff9460da000 	C:\WINDOWS\System32\msvcp_win.dll
0x00007ff9464c0000 - 0x00007ff9465d1000 	C:\WINDOWS\System32\ucrtbase.dll
0x00007ff9216c0000 - 0x00007ff921953000 	C:\WINDOWS\WinSxS\amd64_microsoft.windows.common-controls_6595b64144ccf1df_6.0.22621.2215_none_270d72677387dfc3\COMCTL32.dll
0x00007ff947580000 - 0x00007ff9475b1000 	C:\WINDOWS\System32\IMM32.DLL
0x00007ff936c60000 - 0x00007ff936c75000 	C:\Program Files\Eclipse Adoptium\jdk-8.0.382.5-hotspot\jre\bin\vcruntime140.dll
0x00007ff91b7e0000 - 0x00007ff91b87b000 	C:\Program Files\Eclipse Adoptium\jdk-8.0.382.5-hotspot\jre\bin\msvcp140.dll
0x0000000051f70000 - 0x00000000527c8000 	C:\Program Files\Eclipse Adoptium\jdk-8.0.382.5-hotspot\jre\bin\server\jvm.dll
0x00007ff948320000 - 0x00007ff948328000 	C:\WINDOWS\System32\PSAPI.DLL
0x00007ff930a50000 - 0x00007ff930a59000 	C:\WINDOWS\SYSTEM32\WSOCK32.dll
0x00007ff93ca80000 - 0x00007ff93ca8a000 	C:\WINDOWS\SYSTEM32\VERSION.dll
0x00007ff9419a0000 - 0x00007ff9419d4000 	C:\WINDOWS\SYSTEM32\WINMM.dll
0x00007ff9480a0000 - 0x00007ff948111000 	C:\WINDOWS\System32\WS2_32.dll
0x00007ff944e30000 - 0x00007ff944e48000 	C:\WINDOWS\SYSTEM32\kernel.appcore.dll
0x00007ff93e180000 - 0x00007ff93e190000 	C:\Program Files\Eclipse Adoptium\jdk-8.0.382.5-hotspot\jre\bin\verify.dll
0x00007ff936a20000 - 0x00007ff936a4b000 	C:\Program Files\Eclipse Adoptium\jdk-8.0.382.5-hotspot\jre\bin\java.dll
0x00007ff936af0000 - 0x00007ff936b08000 	C:\Program Files\Eclipse Adoptium\jdk-8.0.382.5-hotspot\jre\bin\zip.dll
0x00007ff946d40000 - 0x00007ff947563000 	C:\WINDOWS\System32\SHELL32.dll
0x00007ff943d70000 - 0x00007ff94465a000 	C:\WINDOWS\SYSTEM32\windows.storage.dll
0x00007ff9484e0000 - 0x00007ff94886a000 	C:\WINDOWS\System32\combase.dll
0x00007ff943c30000 - 0x00007ff943d6e000 	C:\WINDOWS\SYSTEM32\wintypes.dll
0x00007ff9488f0000 - 0x00007ff9489e3000 	C:\WINDOWS\System32\SHCORE.dll
0x00007ff947fd0000 - 0x00007ff94802e000 	C:\WINDOWS\System32\shlwapi.dll
0x00007ff945d10000 - 0x00007ff945d36000 	C:\WINDOWS\SYSTEM32\profapi.dll
0x0000000065580000 - 0x0000000065616000 	C:\Users\tatis\AppData\Local\Temp\libgdxtatis\12dfaa03\gdx64.dll
0x00007ff945570000 - 0x00007ff94558b000 	C:\WINDOWS\SYSTEM32\CRYPTSP.dll
0x00007ff944da0000 - 0x00007ff944dd5000 	C:\WINDOWS\system32\rsaenh.dll
0x00007ff945410000 - 0x00007ff94543c000 	C:\WINDOWS\SYSTEM32\USERENV.dll
0x00007ff9457b0000 - 0x00007ff9457d8000 	C:\WINDOWS\SYSTEM32\bcrypt.dll
0x00007ff945de0000 - 0x00007ff945e5a000 	C:\WINDOWS\System32\bcryptprimitives.dll
0x00007ff945590000 - 0x00007ff94559c000 	C:\WINDOWS\SYSTEM32\CRYPTBASE.dll
0x00007ff936780000 - 0x00007ff93679c000 	C:\Program Files\Eclipse Adoptium\jdk-8.0.382.5-hotspot\jre\bin\net.dll
0x00007ff945320000 - 0x00007ff945389000 	C:\WINDOWS\system32\mswsock.dll
0x00007ff944900000 - 0x00007ff94492d000 	C:\WINDOWS\SYSTEM32\IPHLPAPI.DLL
0x00007ff946870000 - 0x00007ff946879000 	C:\WINDOWS\System32\NSI.dll
0x00007ff942270000 - 0x00007ff942289000 	C:\WINDOWS\SYSTEM32\dhcpcsvc6.DLL
0x00007ff942250000 - 0x00007ff94226f000 	C:\WINDOWS\SYSTEM32\dhcpcsvc.DLL
0x00007ff944930000 - 0x00007ff944a22000 	C:\WINDOWS\SYSTEM32\DNSAPI.dll
0x00007ff9366d0000 - 0x00007ff9366e3000 	C:\Program Files\Eclipse Adoptium\jdk-8.0.382.5-hotspot\jre\bin\nio.dll
0x0000000180000000 - 0x0000000180053000 	C:\Users\tatis\AppData\Local\Temp\libgdxtatis\dc0f0009\lwjgl64.dll
0x00007ff9115b0000 - 0x00007ff9116b0000 	C:\WINDOWS\SYSTEM32\OPENGL32.dll
0x00007ff919380000 - 0x00007ff9193ad000 	C:\WINDOWS\SYSTEM32\GLU32.dll
0x00007ff943470000 - 0x00007ff9434a8000 	C:\WINDOWS\SYSTEM32\dxcore.dll
0x0000024462d90000 - 0x0000024462df4000 	C:\Users\tatis\AppData\Local\Temp\libgdxtatis\dc0f0009\OpenAL64.dll
0x00007ff948180000 - 0x00007ff94831e000 	C:\WINDOWS\System32\ole32.dll
0x00007ff943390000 - 0x00007ff94343b000 	C:\WINDOWS\system32\uxtheme.dll
0x00007ff9467c0000 - 0x00007ff946870000 	C:\WINDOWS\System32\clbcatq.dll
0x00007ff8f31c0000 - 0x00007ff8f3262000 	C:\WINDOWS\SYSTEM32\dsound.dll
0x00007ff945760000 - 0x00007ff9457ad000 	C:\WINDOWS\SYSTEM32\powrprof.dll
0x00007ff925270000 - 0x00007ff925299000 	C:\WINDOWS\SYSTEM32\winmmbase.dll
0x00007ff8f2a10000 - 0x00007ff8f2ac1000 	C:\WINDOWS\SYSTEM32\ResampleDmo.DLL
0x00007ff946880000 - 0x00007ff946957000 	C:\WINDOWS\System32\OLEAUT32.dll
0x00007ff930480000 - 0x00007ff93048b000 	C:\WINDOWS\SYSTEM32\msdmo.dll
0x00007ff9456d0000 - 0x00007ff9456e3000 	C:\WINDOWS\SYSTEM32\UMPDC.dll
0x00007ff9362b0000 - 0x00007ff93634d000 	C:\WINDOWS\System32\MMDevApi.dll
0x00007ff945aa0000 - 0x00007ff945acc000 	C:\WINDOWS\System32\DEVOBJ.dll
0x00007ff945ad0000 - 0x00007ff945b1e000 	C:\WINDOWS\SYSTEM32\cfgmgr32.dll
0x00007ff91fd50000 - 0x00007ff91ff3c000 	C:\WINDOWS\SYSTEM32\AUDIOSES.DLL
0x00007ff942d00000 - 0x00007ff942f2e000 	C:\WINDOWS\SYSTEM32\dbghelp.dll

VM Arguments:
jvm_args: -Duser.language=es_AR -Dfile.encoding=UTF-8 
java_command: org.uqbar.project.wollok.launch.WollokLauncher -requestsPort 0 -eventsPort 0 -folder -dontValidate -wf src/game.wpgm
java_class_path (initial): C:\Users\tatis\git\tp-game-s2-bomberman2023\bin;C:\Users\tatis\Downloads\Wollok\plugins\com.ibm.icu_64.2.0.v20190507-1337.jar;C:\Users\tatis\Downloads\Wollok\plugins\org.eclipse.xtext_2.20.0.v20191202-0915.jar;C:\Users\tatis\Downloads\Wollok\plugins\org.eclipse.emf.ecore.xmi_2.16.0.v20190528-0725.jar;C:\Users\tatis\Downloads\Wollok\plugins\org.eclipse.emf.ecore_2.20.0.v20190920-0401.jar;C:\Users\tatis\Downloads\Wollok\plugins\org.eclipse.emf.common_2.17.0.v20190920-0401.jar;C:\Users\tatis\Downloads\Wollok\plugins\org.antlr.runtime_3.2.0.v201101311130.jar;C:\Users\tatis\Downloads\Wollok\plugins\com.google.inject_3.0.0.v201605172100.jar;C:\Users\tatis\Downloads\Wollok\plugins\org.eclipse.emf.mwe.core_1.5.1.v20191121-1148.jar;C:\Users\tatis\Downloads\Wollok\plugins\org.apache.commons.cli_1.2.0.v201404270220.jar;C:\Users\tatis\Downloads\Wollok\plugins\org.eclipse.emf.mwe2.runtime_2.11.1.v20191121-1148.jar;C:\Users\tatis\Downloads\Wollok\plugins\org.eclipse.emf.mwe.utils_1.5.1.v20191121-1148.jar;C:\Users\tatis\Downloads\Wollok\plugins\org.eclipse.xtext.util_2.20.0.v20191202-0915.jar;C:\Users\tatis\Downloads\Wollok\plugins\com.google.guava_27.1.0.v20190517-1946.jar;C:\Users\tatis\Downloads\Wollok\plugins\javax.inject_1.0.0.v20091030.jar;C:\Users\tatis\Downloads\Wollok\plugins\org.eclipse.xtext.generator_2.20.0.v20191202-0933.jar;C:\Users\tatis\Downloads\Wollok\plugins\org.eclipse.xtext.xtext.generator_2.20.0.v20191202-0915.jar;C:\Users\tatis\Downloads\Wollok\plugins\org.eclipse.xtext.xbase.lib_2.20.0.v20191202-0907.jar;C:\Users\tatis\Downloads\Wollok\plugins\org.eclipse.emf.codegen.ecore_2.20.0.v20191012-0918.jar;C:\Users\tatis\Downloads\Wollok\plugins\org.eclipse.emf.codegen_2.19.0.v20190821-1536.jar;C:\Users\tatis\Downloads\Wollok\plugins\org.eclipse.xtend_2.2.0.v201605260315.jar;C:\Users\tatis\Downloads\Wollok\plugins\org.eclipse.xpand_2.2.0.v201605260315.jar;C:\Users\tatis\Downloads\Wollok\plugins\org.eclipse.xtend.typesystem.emf_2.2.0.v20
Launcher Type: SUN_STANDARD

Environment Variables:
PATH=C:/Program Files/Eclipse Adoptium/jdk-8.0.382.5-hotspot/bin/../jre/bin/server;C:/Program Files/Eclipse Adoptium/jdk-8.0.382.5-hotspot/bin/../jre/bin;C:/Program Files/Eclipse Adoptium/jdk-8.0.382.5-hotspot/bin/../jre/lib/amd64;C:\Program Files\Eclipse Adoptium\jdk-8.0.382.5-hotspot\bin;C:\WINDOWS\system32;C:\WINDOWS;C:\WINDOWS\System32\Wbem;C:\WINDOWS\System32\WindowsPowerShell\v1.0\;C:\WINDOWS\System32\OpenSSH\;C:\Program Files (x86)\Windows Kits\8.1\Windows Performance Toolkit\;C:\Program Files\Git\cmd;C:\Users\tatis\AppData\Local\Microsoft\WindowsApps;;C:\Users\tatis\AppData\Local\Programs\Microsoft VS Code\bin;C:\Users\tatis\Downloads\Wollok;
USERNAME=tatis
OS=Windows_NT
PROCESSOR_IDENTIFIER=Intel64 Family 6 Model 142 Stepping 12, GenuineIntel



---------------  S Y S T E M  ---------------

OS: Windows 11 , 64 bit Build 22621 (10.0.22621.2215)

CPU:total 8 (initial active 8) (4 cores per cpu, 2 threads per core) family 6 model 142 stepping 12, cmov, cx8, fxsr, mmx, sse, sse2, sse3, ssse3, sse4.1, sse4.2, popcnt, avx, avx2, aes, clmul, erms, 3dnowpref, lzcnt, ht, tsc, tscinvbit, bmi1, bmi2, adx

Memory: 4k page, physical 8180212k(393828k free), swap 15782388k(4083820k free)

vm_info: OpenJDK 64-Bit Server VM (25.382-b05) for windows-amd64 JRE (1.8.0_382-b05), built on Jul 19 2023 15:37:29 by "jenkins" with MS VC++ 15.9 (VS2017)

time: Tue Oct  3 21:23:40 2023
timezone: Hora estándar de Argentina
elapsed time: 2.026479 seconds (0d 0h 0m 2s)

