#
# A fatal error has been detected by the Java Runtime Environment:
#
#  EXCEPTION_ACCESS_VIOLATION (0xc0000005) at pc=0x000001cf59201066, pid=8152, tid=0x00000000000032a0
#
# JRE version: OpenJDK Runtime Environment (8.0_382-b05) (build 1.8.0_382-b05)
# Java VM: OpenJDK 64-Bit Server VM (25.382-b05 mixed mode windows-amd64 compressed oops)
# Problematic frame:
# C  [OpenAL64.dll+0x11066]
#
# Failed to write core dump. Minidumps are not enabled by default on client versions of Windows
#
# If you would like to submit a bug report, please visit:
#   https://github.com/adoptium/adoptium-support/issues
# The crash happened outside the Java Virtual Machine in native code.
# See problematic frame for where to report the bug.
#

---------------  T H R E A D  ---------------

Current thread (0x000001cf590ed800):  JavaThread "main" [_thread_in_native, id=12960, stack(0x0000000293200000,0x0000000293300000)]

siginfo: ExceptionCode=0xc0000005, reading address 0x000001cf6ec5e004

Registers:
RAX=0x0000000000000001, RBX=0x000001cf71560090, RCX=0x000001cf6ec5e008, RDX=0x000001cf6ec5e004
RSP=0x00000002932fccc0, RBP=0x00000000000000ff, RSI=0x000001cf6ec51eec, RDI=0x0000000000000000
R8 =0x0000000000003046, R9 =0x000001cf6ec51eec, R10=0x000001cf5aa39622, R11=0x00000000542b8ee0
R12=0x0000000000000001, R13=0x000001cf6ffcbfd8, R14=0x00000002932fce60, R15=0x000001cf590ed800
RIP=0x000001cf59201066, EFLAGS=0x0000000000010202

Top of Stack: (sp=0x00000002932fccc0)
0x00000002932fccc0:   0000000000000000 000001cf590ed800
0x00000002932fccd0:   00000002932fce60 000001cf6ffcbfd8
0x00000002932fcce0:   000001cf6ffcbfd8 0000000000000000
0x00000002932fccf0:   000001cf590ed800 0000000000000000
0x00000002932fcd00:   00000002932fce28 000000005414f1eb
0x00000002932fcd10:   00000002932fcd40 000001cf5aa7a2d3
0x00000002932fcd20:   000001cf590a66e0 000001cf590ee0c0
0x00000002932fcd30:   000001cf590ed800 00000002932fce60
0x00000002932fcd40:   000001cf6ffcbfd8 0000000000000000
0x00000002932fcd50:   000001cf6ec51eec 0000000000000248
0x00000002932fcd60:   00000002932fce28 000001cf5920248f
0x00000002932fcd70:   000001cf71560090 000001cf71560090
0x00000002932fcd80:   000001cf0000ac44 000001cf00000001
0x00000002932fcd90:   000001cf5aa27bd0 000001cf5aa3964e
0x00000002932fcda0:   000001cf6ffcbfd8 0000000000000248
0x00000002932fcdb0:   000001cf5aa27bd0 000001cf5aa3935b 

Instructions: (pc=0x000001cf59201066)
0x000001cf59201046:   41 2b ec 81 3a 03 00 02 00 75 09 8b 01 89 84 24
0x000001cf59201056:   c8 00 00 00 49 83 c0 02 48 83 c1 08 4a 8d 14 86
0x000001cf59201066:   39 3a 75 af 4c 8d 84 24 c0 00 00 00 48 8d 15 d7
0x000001cf59201076:   2b 03 00 33 c9 e8 58 5f 00 00 b8 40 1f 00 00 4c 


Register to memory mapping:

RAX=0x0000000000000001 is an unknown value
RBX=0x000001cf71560090 is an unknown value
RCX=0x000001cf6ec5e008 is an unknown value
RDX=0x000001cf6ec5e004 is an unknown value
RSP=0x00000002932fccc0 is pointing into the stack for thread: 0x000001cf590ed800
RBP=0x00000000000000ff is an unknown value
RSI=0x000001cf6ec51eec is an unknown value
RDI=0x0000000000000000 is an unknown value
R8 =0x0000000000003046 is an unknown value
R9 =0x000001cf6ec51eec is an unknown value
R10=0x000001cf5aa39622 is at code_begin+962 in an Interpreter codelet
method entry point (kind = native)  [0x000001cf5aa39260, 0x000001cf5aa39d00]  2720 bytes
R11=0x00000000542b8ee0 is an unknown value
R12=0x0000000000000001 is an unknown value
R13={method} {0x000001cf6ffcbfe0} 'nalcCreateContext' '(JJ)J' in 'org/lwjgl/openal/ALC10'
R14=0x00000002932fce60 is pointing into the stack for thread: 0x000001cf590ed800
R15=0x000001cf590ed800 is a thread


Stack: [0x0000000293200000,0x0000000293300000],  sp=0x00000002932fccc0,  free space=1011k
Native frames: (J=compiled Java code, j=interpreted, Vv=VM code, C=native code)
C  [OpenAL64.dll+0x11066]
C  [OpenAL64.dll+0x1248f]
C  0x000001cf5aa3964e

Java frames: (J=compiled Java code, j=interpreted, Vv=VM code)
j  org.lwjgl.openal.ALC10.nalcCreateContext(JJ)J+0
j  org.lwjgl.openal.ALC10.alcCreateContext(Lorg/lwjgl/openal/ALCdevice;Ljava/nio/IntBuffer;)Lorg/lwjgl/openal/ALCcontext;+8
j  org.lwjgl.openal.AL.init(Ljava/lang/String;IIZZ)V+69
j  org.lwjgl.openal.AL.create(Ljava/lang/String;IIZZ)V+246
j  org.lwjgl.openal.AL.create(Ljava/lang/String;IIZ)V+5
j  org.lwjgl.openal.AL.create()V+6
j  com.badlogic.gdx.backends.lwjgl.audio.OpenALAudio.<init>(III)V+114
j  com.badlogic.gdx.backends.lwjgl.LwjglApplication.<init>(Lcom/badlogic/gdx/ApplicationListener;Lcom/badlogic/gdx/backends/lwjgl/LwjglApplicationConfiguration;Lcom/badlogic/gdx/backends/lwjgl/LwjglGraphics;)V+120
j  com.badlogic.gdx.backends.lwjgl.LwjglApplication.<init>(Lcom/badlogic/gdx/ApplicationListener;Lcom/badlogic/gdx/backends/lwjgl/LwjglApplicationConfiguration;)V+11
j  org.uqbar.project.wollok.game.gameboard.WollokGDXApplication.<init>(Lorg/uqbar/project/wollok/game/gameboard/Gameboard;Ljava/lang/Boolean;)V+17
j  org.uqbar.project.wollok.game.helpers.Application.start(Lorg/uqbar/project/wollok/game/gameboard/Gameboard;Ljava/lang/Boolean;)V+5
j  org.uqbar.project.wollok.game.gameboard.Gameboard.start(Ljava/lang/Boolean;)V+13
j  wollok.game.GameObject.doStart(Ljava/lang/Boolean;)V+12
v  ~StubRoutines::call_stub
j  sun.reflect.NativeMethodAccessorImpl.invoke0(Ljava/lang/reflect/Method;Ljava/lang/Object;[Ljava/lang/Object;)Ljava/lang/Object;+0
j  sun.reflect.NativeMethodAccessorImpl.invoke(Ljava/lang/Object;[Ljava/lang/Object;)Ljava/lang/Object;+100
J 2720 C1 sun.reflect.DelegatingMethodAccessorImpl.invoke(Ljava/lang/Object;[Ljava/lang/Object;)Ljava/lang/Object; (10 bytes) @ 0x000001cf5b31c904 [0x000001cf5b31c800+0x104]
J 2719 C1 java.lang.reflect.Method.invoke(Ljava/lang/Object;[Ljava/lang/Object;)Ljava/lang/Object; (62 bytes) @ 0x000001cf5b31d0ac [0x000001cf5b31ccc0+0x3ec]
j  org.uqbar.project.wollok.ui.utils.XTendUtilExtensions.invokeConvertingArgs(Ljava/lang/reflect/Method;Ljava/lang/Object;[Ljava/lang/Object;)Lorg/uqbar/project/wollok/interpreter/core/WollokObject;+261
j  org.uqbar.project.wollok.interpreter.AbstractWollokCallable._invokeNative(Ljava/lang/Object;Ljava/lang/String;[Lorg/uqbar/project/wollok/interpreter/core/WollokObject;)Lorg/uqbar/project/wollok/interpreter/core/WollokObject;+41
j  org.uqbar.project.wollok.interpreter.AbstractWollokCallable.invokeNative(Ljava/lang/Object;Ljava/lang/String;[Lorg/uqbar/project/wollok/interpreter/core/WollokObject;)Lorg/uqbar/project/wollok/interpreter/core/WollokObject;+26
j  org.uqbar.project.wollok.interpreter.AbstractWollokCallable$1.apply()Lorg/uqbar/project/wollok/interpreter/core/WollokObject;+55
j  org.uqbar.project.wollok.interpreter.AbstractWollokCallable$1.apply()Ljava/lang/Object;+1
j  org.uqbar.project.wollok.interpreter.threads.WThread.performOnStack(Lorg/eclipse/emf/ecore/EObject;Lorg/uqbar/project/wollok/interpreter/context/EvaluationContext;Lorg/eclipse/xtext/xbase/lib/Functions$Function0;)Lorg/uqbar/project/wollok/interpreter/core/WollokObject;+29
j  org.uqbar.project.wollok.interpreter.WollokInterpreter.performOnStack(Lorg/eclipse/emf/ecore/EObject;Lorg/uqbar/project/wollok/interpreter/context/EvaluationContext;Lorg/eclipse/xtext/xbase/lib/Functions$Function0;)Lorg/uqbar/project/wollok/interpreter/core/WollokObject;+7
j  org.uqbar.project.wollok.interpreter.AbstractWollokCallable.call(Lorg/uqbar/project/wollok/wollokDsl/WMethodDeclaration;[Lorg/uqbar/project/wollok/interpreter/core/WollokObject;)Lorg/uqbar/project/wollok/interpreter/core/WollokObject;+38
j  org.uqbar.project.wollok.interpreter.core.WollokObject.call(Ljava/lang/String;[Lorg/uqbar/project/wollok/interpreter/core/WollokObject;)Lorg/uqbar/project/wollok/interpreter/core/WollokObject;+55
j  org.uqbar.project.wollok.interpreter.WollokInterpreterEvaluator._evaluate(Lorg/uqbar/project/wollok/wollokDsl/WFeatureCall;)Lorg/uqbar/project/wollok/interpreter/core/WollokObject;+119
j  org.uqbar.project.wollok.launch.WollokLauncherInterpreterEvaluator.evaluate(Lorg/eclipse/emf/ecore/EObject;)Lorg/uqbar/project/wollok/interpreter/core/WollokObject;+412
j  org.uqbar.project.wollok.interpreter.WollokInterpreterEvaluator.evaluate(Lorg/eclipse/emf/ecore/EObject;)Ljava/lang/Object;+2
j  org.uqbar.project.wollok.interpreter.WollokInterpreter.eval(Lorg/eclipse/emf/ecore/EObject;)Lorg/uqbar/project/wollok/interpreter/core/WollokObject;+63
j  org.uqbar.project.wollok.interpreter.WollokInterpreterEvaluator.eval(Lorg/eclipse/emf/ecore/EObject;)Lorg/uqbar/project/wollok/interpreter/core/WollokObject;+5
j  org.uqbar.project.wollok.interpreter.WollokInterpreterEvaluator$1.apply(Lorg/uqbar/project/wollok/interpreter/core/WollokObject;Lorg/eclipse/emf/ecore/EObject;)Lorg/uqbar/project/wollok/interpreter/core/WollokObject;+5
j  org.uqbar.project.wollok.interpreter.WollokInterpreterEvaluator$1.apply(Ljava/lang/Object;Ljava/lang/Object;)Ljava/lang/Object;+9
j  org.eclipse.xtext.xbase.lib.IteratorExtensions.fold(Ljava/util/Iterator;Ljava/lang/Object;Lorg/eclipse/xtext/xbase/lib/Functions$Function2;)Ljava/lang/Object;+19
j  org.eclipse.xtext.xbase.lib.IterableExtensions.fold(Ljava/lang/Iterable;Ljava/lang/Object;Lorg/eclipse/xtext/xbase/lib/Functions$Function2;)Ljava/lang/Object;+8
j  org.uqbar.project.wollok.interpreter.WollokInterpreterEvaluator.evalAll(Ljava/lang/Iterable;)Lorg/uqbar/project/wollok/interpreter/core/WollokObject;+12
j  org.uqbar.project.wollok.interpreter.WollokInterpreterEvaluator._evaluate(Lorg/uqbar/project/wollok/wollokDsl/WBlockExpression;)Lorg/uqbar/project/wollok/interpreter/core/WollokObject;+34
j  org.uqbar.project.wollok.launch.WollokLauncherInterpreterEvaluator.evaluate(Lorg/eclipse/emf/ecore/EObject;)Lorg/uqbar/project/wollok/interpreter/core/WollokObject;+76
j  org.uqbar.project.wollok.interpreter.WollokInterpreterEvaluator.evaluate(Lorg/eclipse/emf/ecore/EObject;)Ljava/lang/Object;+2
j  org.uqbar.project.wollok.interpreter.WollokInterpreter.eval(Lorg/eclipse/emf/ecore/EObject;)Lorg/uqbar/project/wollok/interpreter/core/WollokObject;+63
j  org.uqbar.project.wollok.interpreter.AbstractWollokCallable.eval(Lorg/eclipse/emf/ecore/EObject;)Lorg/uqbar/project/wollok/interpreter/core/WollokObject;+5
j  org.uqbar.project.wollok.interpreter.AbstractWollokCallable$1.apply()Lorg/uqbar/project/wollok/interpreter/core/WollokObject;+110
j  org.uqbar.project.wollok.interpreter.AbstractWollokCallable$1.apply()Ljava/lang/Object;+1
j  org.uqbar.project.wollok.interpreter.threads.WThread.performOnStack(Lorg/eclipse/emf/ecore/EObject;Lorg/uqbar/project/wollok/interpreter/context/EvaluationContext;Lorg/eclipse/xtext/xbase/lib/Functions$Function0;)Lorg/uqbar/project/wollok/interpreter/core/WollokObject;+29
j  org.uqbar.project.wollok.interpreter.WollokInterpreter.performOnStack(Lorg/eclipse/emf/ecore/EObject;Lorg/uqbar/project/wollok/interpreter/context/EvaluationContext;Lorg/eclipse/xtext/xbase/lib/Functions$Function0;)Lorg/uqbar/project/wollok/interpreter/core/WollokObject;+7
j  org.uqbar.project.wollok.interpreter.AbstractWollokCallable.call(Lorg/uqbar/project/wollok/wollokDsl/WMethodDeclaration;[Lorg/uqbar/project/wollok/interpreter/core/WollokObject;)Lorg/uqbar/project/wollok/interpreter/core/WollokObject;+38
j  org.uqbar.project.wollok.interpreter.core.WollokObject.call(Ljava/lang/String;[Lorg/uqbar/project/wollok/interpreter/core/WollokObject;)Lorg/uqbar/project/wollok/interpreter/core/WollokObject;+55
j  org.uqbar.project.wollok.interpreter.WollokInterpreterEvaluator._evaluate(Lorg/uqbar/project/wollok/wollokDsl/WFeatureCall;)Lorg/uqbar/project/wollok/interpreter/core/WollokObject;+119
j  org.uqbar.project.wollok.launch.WollokLauncherInterpreterEvaluator.evaluate(Lorg/eclipse/emf/ecore/EObject;)Lorg/uqbar/project/wollok/interpreter/core/WollokObject;+412
j  org.uqbar.project.wollok.interpreter.WollokInterpreterEvaluator.evaluate(Lorg/eclipse/emf/ecore/EObject;)Ljava/lang/Object;+2
j  org.uqbar.project.wollok.interpreter.WollokInterpreter.eval(Lorg/eclipse/emf/ecore/EObject;)Lorg/uqbar/project/wollok/interpreter/core/WollokObject;+63
j  org.uqbar.project.wollok.interpreter.WollokInterpreterEvaluator.eval(Lorg/eclipse/emf/ecore/EObject;)Lorg/uqbar/project/wollok/interpreter/core/WollokObject;+5
j  org.uqbar.project.wollok.interpreter.WollokInterpreterEvaluator$1.apply(Lorg/uqbar/project/wollok/interpreter/core/WollokObject;Lorg/eclipse/emf/ecore/EObject;)Lorg/uqbar/project/wollok/interpreter/core/WollokObject;+5
j  org.uqbar.project.wollok.interpreter.WollokInterpreterEvaluator$1.apply(Ljava/lang/Object;Ljava/lang/Object;)Ljava/lang/Object;+9
j  org.eclipse.xtext.xbase.lib.IteratorExtensions.fold(Ljava/util/Iterator;Ljava/lang/Object;Lorg/eclipse/xtext/xbase/lib/Functions$Function2;)Ljava/lang/Object;+19
j  org.eclipse.xtext.xbase.lib.IterableExtensions.fold(Ljava/lang/Iterable;Ljava/lang/Object;Lorg/eclipse/xtext/xbase/lib/Functions$Function2;)Ljava/lang/Object;+8
j  org.uqbar.project.wollok.interpreter.WollokInterpreterEvaluator.evalAll(Ljava/lang/Iterable;)Lorg/uqbar/project/wollok/interpreter/core/WollokObject;+12
j  org.uqbar.project.wollok.interpreter.WollokInterpreterEvaluator._evaluate(Lorg/uqbar/project/wollok/wollokDsl/WProgram;)Lorg/uqbar/project/wollok/interpreter/core/WollokObject;+18
j  org.uqbar.project.wollok.launch.WollokLauncherInterpreterEvaluator.evaluate(Lorg/eclipse/emf/ecore/EObject;)Lorg/uqbar/project/wollok/interpreter/core/WollokObject;+444
j  org.uqbar.project.wollok.interpreter.WollokInterpreterEvaluator.evaluate(Lorg/eclipse/emf/ecore/EObject;)Ljava/lang/Object;+2
j  org.uqbar.project.wollok.interpreter.WollokInterpreter.eval(Lorg/eclipse/emf/ecore/EObject;)Lorg/uqbar/project/wollok/interpreter/core/WollokObject;+63
j  org.uqbar.project.wollok.interpreter.WollokInterpreterEvaluator.eval(Lorg/eclipse/emf/ecore/EObject;)Lorg/uqbar/project/wollok/interpreter/core/WollokObject;+5
j  org.uqbar.project.wollok.launch.WollokLauncherInterpreterEvaluator._evaluate(Lorg/uqbar/project/wollok/wollokDsl/WFile;)Lorg/uqbar/project/wollok/interpreter/core/WollokObject;+32
j  org.uqbar.project.wollok.launch.WollokLauncherInterpreterEvaluator.evaluate(Lorg/eclipse/emf/ecore/EObject;)Lorg/uqbar/project/wollok/interpreter/core/WollokObject;+428
j  org.uqbar.project.wollok.interpreter.WollokInterpreterEvaluator.evaluate(Lorg/eclipse/emf/ecore/EObject;)Ljava/lang/Object;+2
j  org.uqbar.project.wollok.interpreter.WollokInterpreter.interpret(Lorg/eclipse/emf/ecore/EObject;Ljava/lang/Boolean;)Lorg/uqbar/project/wollok/interpreter/core/WollokObject;+25
j  org.uqbar.project.wollok.interpreter.WollokInterpreter.interpret(Lorg/eclipse/emf/ecore/EObject;)Lorg/uqbar/project/wollok/interpreter/core/WollokObject;+8
j  org.uqbar.project.wollok.launch.WollokLauncher.doSomething(Lorg/uqbar/project/wollok/wollokDsl/WFile;Lcom/google/inject/Injector;Ljava/io/File;Lorg/uqbar/project/wollok/launch/WollokLauncherParameters;)V+109
j  org.uqbar.project.wollok.launch.WollokChecker.launch(Ljava/lang/String;Lorg/uqbar/project/wollok/launch/WollokLauncherParameters;)V+31
j  org.uqbar.project.wollok.launch.WollokChecker.doMain([Ljava/lang/String;)V+205
j  org.uqbar.project.wollok.launch.WollokLauncher.main([Ljava/lang/String;)V+8
v  ~StubRoutines::call_stub

---------------  P R O C E S S  ---------------

Java Threads: ( => current thread )
  0x000001cf6e3f4800 JavaThread "com.google.inject.internal.util.$Finalizer" daemon [_thread_blocked, id=10596, stack(0x0000000293f00000,0x0000000294000000)]
  0x000001cf6e1a9800 JavaThread "EMF Reference Cleaner" daemon [_thread_blocked, id=2052, stack(0x0000000293e00000,0x0000000293f00000)]
  0x000001cf6d043800 JavaThread "Service Thread" daemon [_thread_blocked, id=14268, stack(0x0000000293c00000,0x0000000293d00000)]
  0x000001cf6cfc8000 JavaThread "C1 CompilerThread1" daemon [_thread_blocked, id=13624, stack(0x0000000293b00000,0x0000000293c00000)]
  0x000001cf6cfc5800 JavaThread "C2 CompilerThread0" daemon [_thread_blocked, id=7076, stack(0x0000000293a00000,0x0000000293b00000)]
  0x000001cf6cfc1000 JavaThread "Attach Listener" daemon [_thread_blocked, id=6376, stack(0x0000000293900000,0x0000000293a00000)]
  0x000001cf6cfc0000 JavaThread "Signal Dispatcher" daemon [_thread_blocked, id=10288, stack(0x0000000293800000,0x0000000293900000)]
  0x000001cf6cf95000 JavaThread "Finalizer" daemon [_thread_blocked, id=9600, stack(0x0000000293700000,0x0000000293800000)]
  0x000001cf6cf8a800 JavaThread "Reference Handler" daemon [_thread_blocked, id=3316, stack(0x0000000293600000,0x0000000293700000)]
=>0x000001cf590ed800 JavaThread "main" [_thread_in_native, id=12960, stack(0x0000000293200000,0x0000000293300000)]

Other Threads:
  0x000001cf6cf61800 VMThread [stack: 0x0000000293500000,0x0000000293600000] [id=6328]
  0x000001cf6d046800 WatcherThread [stack: 0x0000000293d00000,0x0000000293e00000] [id=1212]

VM state:not at safepoint (normal execution)

VM Mutex/Monitor currently owned by a thread: None

heap address: 0x00000000c2a00000, size: 982 MB, Compressed Oops mode: 32-bit
Narrow klass base: 0x0000000000000000, Narrow klass shift: 3
Compressed class space size: 1073741824 Address: 0x0000000100000000

Heap:
 PSYoungGen      total 66048K, used 30222K [0x00000000eb900000, 0x00000000f5600000, 0x0000000100000000)
  eden space 63488K, 47% used [0x00000000eb900000,0x00000000ed683a60,0x00000000ef700000)
  from space 2560K, 0% used [0x00000000ef700000,0x00000000ef700000,0x00000000ef980000)
  to   space 16896K, 0% used [0x00000000f4580000,0x00000000f4580000,0x00000000f5600000)
 ParOldGen       total 62976K, used 25040K [0x00000000c2a00000, 0x00000000c6780000, 0x00000000eb900000)
  object space 62976K, 39% used [0x00000000c2a00000,0x00000000c4274328,0x00000000c6780000)
 Metaspace       used 22053K, capacity 22416K, committed 22656K, reserved 1069056K
  class space    used 2769K, capacity 2876K, committed 2944K, reserved 1048576K

Card table byte_map: [0x000001cf69de0000,0x000001cf69fd0000] byte_map_base: 0x000001cf697cb000

Marking Bits: (ParMarkBitMap*) 0x000000005488f810
 Begin Bits: [0x000001cf6a120000, 0x000001cf6b078000)
 End Bits:   [0x000001cf6b078000, 0x000001cf6bfd0000)

Polling page: 0x000001cf59070000

CodeCache: size=245760Kb used=10315Kb max_used=10321Kb free=235444Kb
 bounds [0x000001cf5aa20000, 0x000001cf5b440000, 0x000001cf69a20000]
 total_blobs=3698 nmethods=3245 adapters=365
 compilation: enabled

Compilation events (10 events):
Event: 5.450 Thread 0x000001cf6cfc5800 3245       4       java.lang.String::regionMatches (149 bytes)
Event: 5.456 Thread 0x000001cf6cfc8000 3246       3       java.nio.DirectByteBuffer::put (18 bytes)
Event: 5.457 Thread 0x000001cf6cfc8000 nmethod 3246 0x000001cf5b41cad0 code [0x000001cf5b41cc40, 0x000001cf5b41ceb8]
Event: 5.458 Thread 0x000001cf6cfc8000 3248       3       java.nio.DirectByteBuffer::ix (10 bytes)
Event: 5.458 Thread 0x000001cf6cfc8000 nmethod 3248 0x000001cf5b41ec10 code [0x000001cf5b41ed60, 0x000001cf5b41eeb8]
Event: 5.458 Thread 0x000001cf6cfc8000 3249       3       java.nio.DirectByteBuffer::put (18 bytes)
Event: 5.458 Thread 0x000001cf6cfc8000 nmethod 3249 0x000001cf5b41e710 code [0x000001cf5b41e880, 0x000001cf5b41eaf8]
Event: 5.462 Thread 0x000001cf6cfc5800 nmethod 3245 0x000001cf5b43b6d0 code [0x000001cf5b43b840, 0x000001cf5b43c038]
Event: 5.524 Thread 0x000001cf6cfc8000 3250 %     3       java.io.WinNTFileSystem::normalize @ 22 (143 bytes)
Event: 5.525 Thread 0x000001cf6cfc8000 nmethod 3250% 0x000001cf5b43a790 code [0x000001cf5b43a980, 0x000001cf5b43b250]

GC Heap History (10 events):
Event: 0.936 GC heap before
{Heap before GC invocations=2 (full 0):
 PSYoungGen      total 18432K, used 18420K [0x00000000eb900000, 0x00000000edd00000, 0x0000000100000000)
  eden space 15872K, 100% used [0x00000000eb900000,0x00000000ec880000,0x00000000ec880000)
  from space 2560K, 99% used [0x00000000ec880000,0x00000000ecafd208,0x00000000ecb00000)
  to   space 2560K, 0% used [0x00000000eda80000,0x00000000eda80000,0x00000000edd00000)
 ParOldGen       total 42496K, used 571K [0x00000000c2a00000, 0x00000000c5380000, 0x00000000eb900000)
  object space 42496K, 1% used [0x00000000c2a00000,0x00000000c2a8eea0,0x00000000c5380000)
 Metaspace       used 7234K, capacity 7394K, committed 7552K, reserved 1056768K
  class space    used 791K, capacity 869K, committed 896K, reserved 1048576K
Event: 0.949 GC heap after
Heap after GC invocations=2 (full 0):
 PSYoungGen      total 34304K, used 2537K [0x00000000eb900000, 0x00000000edd00000, 0x0000000100000000)
  eden space 31744K, 0% used [0x00000000eb900000,0x00000000eb900000,0x00000000ed800000)
  from space 2560K, 99% used [0x00000000eda80000,0x00000000edcfa4e0,0x00000000edd00000)
  to   space 2560K, 0% used [0x00000000ed800000,0x00000000ed800000,0x00000000eda80000)
 ParOldGen       total 42496K, used 4666K [0x00000000c2a00000, 0x00000000c5380000, 0x00000000eb900000)
  object space 42496K, 10% used [0x00000000c2a00000,0x00000000c2e8ead0,0x00000000c5380000)
 Metaspace       used 7234K, capacity 7394K, committed 7552K, reserved 1056768K
  class space    used 791K, capacity 869K, committed 896K, reserved 1048576K
}
Event: 1.522 GC heap before
{Heap before GC invocations=3 (full 0):
 PSYoungGen      total 34304K, used 34281K [0x00000000eb900000, 0x00000000edd00000, 0x0000000100000000)
  eden space 31744K, 100% used [0x00000000eb900000,0x00000000ed800000,0x00000000ed800000)
  from space 2560K, 99% used [0x00000000eda80000,0x00000000edcfa4e0,0x00000000edd00000)
  to   space 2560K, 0% used [0x00000000ed800000,0x00000000ed800000,0x00000000eda80000)
 ParOldGen       total 42496K, used 4666K [0x00000000c2a00000, 0x00000000c5380000, 0x00000000eb900000)
  object space 42496K, 10% used [0x00000000c2a00000,0x00000000c2e8ead0,0x00000000c5380000)
 Metaspace       used 10043K, capacity 10260K, committed 10624K, reserved 1058816K
  class space    used 1195K, capacity 1288K, committed 1408K, reserved 1048576K
Event: 1.541 GC heap after
Heap after GC invocations=3 (full 0):
 PSYoungGen      total 34304K, used 2537K [0x00000000eb900000, 0x00000000efc00000, 0x0000000100000000)
  eden space 31744K, 0% used [0x00000000eb900000,0x00000000eb900000,0x00000000ed800000)
  from space 2560K, 99% used [0x00000000ed800000,0x00000000eda7a500,0x00000000eda80000)
  to   space 2560K, 0% used [0x00000000ef980000,0x00000000ef980000,0x00000000efc00000)
 ParOldGen       total 42496K, used 13300K [0x00000000c2a00000, 0x00000000c5380000, 0x00000000eb900000)
  object space 42496K, 31% used [0x00000000c2a00000,0x00000000c36fd0d8,0x00000000c5380000)
 Metaspace       used 10043K, capacity 10260K, committed 10624K, reserved 1058816K
  class space    used 1195K, capacity 1288K, committed 1408K, reserved 1048576K
}
Event: 2.168 GC heap before
{Heap before GC invocations=4 (full 0):
 PSYoungGen      total 34304K, used 34281K [0x00000000eb900000, 0x00000000efc00000, 0x0000000100000000)
  eden space 31744K, 100% used [0x00000000eb900000,0x00000000ed800000,0x00000000ed800000)
  from space 2560K, 99% used [0x00000000ed800000,0x00000000eda7a500,0x00000000eda80000)
  to   space 2560K, 0% used [0x00000000ef980000,0x00000000ef980000,0x00000000efc00000)
 ParOldGen       total 42496K, used 13300K [0x00000000c2a00000, 0x00000000c5380000, 0x00000000eb900000)
  object space 42496K, 31% used [0x00000000c2a00000,0x00000000c36fd0d8,0x00000000c5380000)
 Metaspace       used 13538K, capacity 13728K, committed 14080K, reserved 1060864K
  class space    used 1671K, capacity 1738K, committed 1792K, reserved 1048576K
Event: 2.186 GC heap after
Heap after GC invocations=4 (full 0):
 PSYoungGen      total 66048K, used 2544K [0x00000000eb900000, 0x00000000efc00000, 0x0000000100000000)
  eden space 63488K, 0% used [0x00000000eb900000,0x00000000eb900000,0x00000000ef700000)
  from space 2560K, 99% used [0x00000000ef980000,0x00000000efbfc010,0x00000000efc00000)
  to   space 2560K, 0% used [0x00000000ef700000,0x00000000ef700000,0x00000000ef980000)
 ParOldGen       total 42496K, used 20077K [0x00000000c2a00000, 0x00000000c5380000, 0x00000000eb900000)
  object space 42496K, 47% used [0x00000000c2a00000,0x00000000c3d9b560,0x00000000c5380000)
 Metaspace       used 13538K, capacity 13728K, committed 14080K, reserved 1060864K
  class space    used 1671K, capacity 1738K, committed 1792K, reserved 1048576K
}
Event: 4.270 GC heap before
{Heap before GC invocations=5 (full 0):
 PSYoungGen      total 66048K, used 66032K [0x00000000eb900000, 0x00000000efc00000, 0x0000000100000000)
  eden space 63488K, 100% used [0x00000000eb900000,0x00000000ef700000,0x00000000ef700000)
  from space 2560K, 99% used [0x00000000ef980000,0x00000000efbfc010,0x00000000efc00000)
  to   space 2560K, 0% used [0x00000000ef700000,0x00000000ef700000,0x00000000ef980000)
 ParOldGen       total 42496K, used 20077K [0x00000000c2a00000, 0x00000000c5380000, 0x00000000eb900000)
  object space 42496K, 47% used [0x00000000c2a00000,0x00000000c3d9b560,0x00000000c5380000)
 Metaspace       used 20366K, capacity 20644K, committed 20864K, reserved 1067008K
  class space    used 2578K, capacity 2666K, committed 2688K, reserved 1048576K
Event: 4.305 GC heap after
Heap after GC invocations=5 (full 0):
 PSYoungGen      total 66048K, used 2544K [0x00000000eb900000, 0x00000000f5600000, 0x0000000100000000)
  eden space 63488K, 0% used [0x00000000eb900000,0x00000000eb900000,0x00000000ef700000)
  from space 2560K, 99% used [0x00000000ef700000,0x00000000ef97c030,0x00000000ef980000)
  to   space 16896K, 0% used [0x00000000f4580000,0x00000000f4580000,0x00000000f5600000)
 ParOldGen       total 42496K, used 31300K [0x00000000c2a00000, 0x00000000c5380000, 0x00000000eb900000)
  object space 42496K, 73% used [0x00000000c2a00000,0x00000000c48910f0,0x00000000c5380000)
 Metaspace       used 20366K, capacity 20644K, committed 20864K, reserved 1067008K
  class space    used 2578K, capacity 2666K, committed 2688K, reserved 1048576K
}
Event: 4.305 GC heap before
{Heap before GC invocations=6 (full 1):
 PSYoungGen      total 66048K, used 2544K [0x00000000eb900000, 0x00000000f5600000, 0x0000000100000000)
  eden space 63488K, 0% used [0x00000000eb900000,0x00000000eb900000,0x00000000ef700000)
  from space 2560K, 99% used [0x00000000ef700000,0x00000000ef97c030,0x00000000ef980000)
  to   space 16896K, 0% used [0x00000000f4580000,0x00000000f4580000,0x00000000f5600000)
 ParOldGen       total 42496K, used 31300K [0x00000000c2a00000, 0x00000000c5380000, 0x00000000eb900000)
  object space 42496K, 73% used [0x00000000c2a00000,0x00000000c48910f0,0x00000000c5380000)
 Metaspace       used 20366K, capacity 20644K, committed 20864K, reserved 1067008K
  class space    used 2578K, capacity 2666K, committed 2688K, reserved 1048576K
Event: 4.436 GC heap after
Heap after GC invocations=6 (full 1):
 PSYoungGen      total 66048K, used 0K [0x00000000eb900000, 0x00000000f5600000, 0x0000000100000000)
  eden space 63488K, 0% used [0x00000000eb900000,0x00000000eb900000,0x00000000ef700000)
  from space 2560K, 0% used [0x00000000ef700000,0x00000000ef700000,0x00000000ef980000)
  to   space 16896K, 0% used [0x00000000f4580000,0x00000000f4580000,0x00000000f5600000)
 ParOldGen       total 62976K, used 25040K [0x00000000c2a00000, 0x00000000c6780000, 0x00000000eb900000)
  object space 62976K, 39% used [0x00000000c2a00000,0x00000000c4274328,0x00000000c6780000)
 Metaspace       used 20366K, capacity 20644K, committed 20864K, reserved 1067008K
  class space    used 2578K, capacity 2666K, committed 2688K, reserved 1048576K
}

Deoptimization events (10 events):
Event: 3.843 Thread 0x000001cf590ed800 Uncommon trap: reason=unstable_if action=reinterpret pc=0x000001cf5b1a3910 method=org.antlr.runtime.CommonTokenStream.skipOffTokenChannels(I)I @ 12
Event: 3.859 Thread 0x000001cf590ed800 Uncommon trap: reason=bimorphic action=maybe_recompile pc=0x000001cf5b032d04 method=org.eclipse.emf.common.util.AbstractEList$EIterator.next()Ljava/lang/Object; @ 1
Event: 3.860 Thread 0x000001cf590ed800 Uncommon trap: reason=class_check action=maybe_recompile pc=0x000001cf5b170428 method=org.eclipse.xtext.nodemodel.impl.NodeModelBuilder.addChild(Lorg/eclipse/xtext/nodemodel/ICompositeNode;Lorg/eclipse/xtext/nodemodel/impl/AbstractNode;)V @ 6
Event: 3.886 Thread 0x000001cf590ed800 Uncommon trap: reason=class_check action=maybe_recompile pc=0x000001cf5b170428 method=org.eclipse.xtext.nodemodel.impl.NodeModelBuilder.addChild(Lorg/eclipse/xtext/nodemodel/ICompositeNode;Lorg/eclipse/xtext/nodemodel/impl/AbstractNode;)V @ 6
Event: 3.928 Thread 0x000001cf590ed800 Uncommon trap: reason=class_check action=maybe_recompile pc=0x000001cf5b170428 method=org.eclipse.xtext.nodemodel.impl.NodeModelBuilder.addChild(Lorg/eclipse/xtext/nodemodel/ICompositeNode;Lorg/eclipse/xtext/nodemodel/impl/AbstractNode;)V @ 6
Event: 3.940 Thread 0x000001cf590ed800 Uncommon trap: reason=class_check action=maybe_recompile pc=0x000001cf5b17fc3c method=org.eclipse.xtext.nodemodel.impl.NodeModelBuilder.addChild(Lorg/eclipse/xtext/nodemodel/ICompositeNode;Lorg/eclipse/xtext/nodemodel/impl/AbstractNode;)V @ 6
Event: 3.960 Thread 0x000001cf590ed800 Uncommon trap: reason=class_check action=maybe_recompile pc=0x000001cf5b131984 method=org.eclipse.xtext.nodemodel.impl.NodeModelBuilder.addChild(Lorg/eclipse/xtext/nodemodel/ICompositeNode;Lorg/eclipse/xtext/nodemodel/impl/AbstractNode;)V @ 6
Event: 4.518 Thread 0x000001cf590ed800 Uncommon trap: reason=unstable_if action=reinterpret pc=0x000001cf5af2335c method=java.util.concurrent.ConcurrentHashMap.putVal(Ljava/lang/Object;Ljava/lang/Object;Z)Ljava/lang/Object; @ 181
Event: 5.156 Thread 0x000001cf590ed800 Uncommon trap: reason=unstable_if action=reinterpret pc=0x000001cf5ad5800c method=java.io.WinNTFileSystem.normalize(Ljava/lang/String;)Ljava/lang/String; @ 49
Event: 5.198 Thread 0x000001cf590ed800 Uncommon trap: reason=predicate action=maybe_recompile pc=0x000001cf5ae76b98 method=java.lang.String.regionMatches(ZILjava/lang/String;II)Z @ 63

Classes redefined (0 events):
No events

Internal exceptions (10 events):
Event: 4.664 Thread 0x000001cf590ed800 Exception <a 'java/io/FileNotFoundException'> (0x00000000ec27a788) thrown at [J:\jenkins\tmp\workspace\build\src\hotspot\src\share\vm\prims\jni.cpp, line 709]
Event: 4.677 Thread 0x000001cf590ed800 Exception <a 'java/io/FileNotFoundException'> (0x00000000ec2cded0) thrown at [J:\jenkins\tmp\workspace\build\src\hotspot\src\share\vm\prims\jni.cpp, line 709]
Event: 4.698 Thread 0x000001cf590ed800 Exception <a 'java/io/FileNotFoundException'> (0x00000000ec36cc80) thrown at [J:\jenkins\tmp\workspace\build\src\hotspot\src\share\vm\prims\jni.cpp, line 709]
Event: 4.809 Thread 0x000001cf590ed800 Exception <a 'java/io/FileNotFoundException'> (0x00000000ec672b88) thrown at [J:\jenkins\tmp\workspace\build\src\hotspot\src\share\vm\prims\jni.cpp, line 709]
Event: 5.470 Thread 0x000001cf590ed800 Exception <a 'java/security/PrivilegedActionException'> (0x00000000ed553120) thrown at [J:\jenkins\tmp\workspace\build\src\hotspot\src\share\vm\prims\jvm.cpp, line 1514]
Event: 5.470 Thread 0x000001cf590ed800 Exception <a 'java/security/PrivilegedActionException'> (0x00000000ed554650) thrown at [J:\jenkins\tmp\workspace\build\src\hotspot\src\share\vm\prims\jvm.cpp, line 1514]
Event: 5.470 Thread 0x000001cf590ed800 Exception <a 'java/security/PrivilegedActionException'> (0x00000000ed555a80) thrown at [J:\jenkins\tmp\workspace\build\src\hotspot\src\share\vm\prims\jvm.cpp, line 1514]
Event: 5.470 Thread 0x000001cf590ed800 Exception <a 'java/security/PrivilegedActionException'> (0x00000000ed557140) thrown at [J:\jenkins\tmp\workspace\build\src\hotspot\src\share\vm\prims\jvm.cpp, line 1514]
Event: 5.470 Thread 0x000001cf590ed800 Exception <a 'java/security/PrivilegedActionException'> (0x00000000ed558538) thrown at [J:\jenkins\tmp\workspace\build\src\hotspot\src\share\vm\prims\jvm.cpp, line 1514]
Event: 5.470 Thread 0x000001cf590ed800 Exception <a 'java/security/PrivilegedActionException'> (0x00000000ed559900) thrown at [J:\jenkins\tmp\workspace\build\src\hotspot\src\share\vm\prims\jvm.cpp, line 1514]

Events (10 events):
Event: 5.524 loading class org/lwjgl/openal/ALCdevice
Event: 5.524 loading class org/lwjgl/openal/ALCdevice done
Event: 5.525 loading class org/lwjgl/openal/ALCcontext
Event: 5.525 loading class org/lwjgl/openal/ALCcontext done
Event: 5.525 loading class java/nio/DirectIntBufferU
Event: 5.526 loading class java/nio/DirectIntBufferU done
Event: 5.526 loading class org/lwjgl/openal/Util
Event: 5.526 loading class org/lwjgl/openal/Util done
Event: 5.526 loading class org/lwjgl/openal/OpenALException
Event: 5.526 loading class org/lwjgl/openal/OpenALException done


Dynamic libraries:
0x00007ff67fde0000 - 0x00007ff67fe26000 	C:\Program Files\Eclipse Adoptium\jdk-8.0.382.5-hotspot\bin\javaw.exe
0x00007ffd29930000 - 0x00007ffd29b44000 	C:\WINDOWS\SYSTEM32\ntdll.dll
0x00007ffd28f80000 - 0x00007ffd29044000 	C:\WINDOWS\System32\KERNEL32.DLL
0x00007ffd27010000 - 0x00007ffd273b4000 	C:\WINDOWS\System32\KERNELBASE.dll
0x00007ffd29840000 - 0x00007ffd298f0000 	C:\WINDOWS\System32\ADVAPI32.dll
0x00007ffd28020000 - 0x00007ffd280c7000 	C:\WINDOWS\System32\msvcrt.dll
0x00007ffd28d20000 - 0x00007ffd28dc6000 	C:\WINDOWS\System32\sechost.dll
0x00007ffd293a0000 - 0x00007ffd294b7000 	C:\WINDOWS\System32\RPCRT4.dll
0x00007ffd28dd0000 - 0x00007ffd28f7e000 	C:\WINDOWS\System32\USER32.dll
0x00007ffd27500000 - 0x00007ffd27526000 	C:\WINDOWS\System32\win32u.dll
0x00007ffd29360000 - 0x00007ffd29389000 	C:\WINDOWS\System32\GDI32.dll
0x00007ffd275a0000 - 0x00007ffd276b8000 	C:\WINDOWS\System32\gdi32full.dll
0x00007ffd26ce0000 - 0x00007ffd26d7a000 	C:\WINDOWS\System32\msvcp_win.dll
0x00007ffd26ef0000 - 0x00007ffd27001000 	C:\WINDOWS\System32\ucrtbase.dll
0x00007ffd0ed10000 - 0x00007ffd0efa3000 	C:\WINDOWS\WinSxS\amd64_microsoft.windows.common-controls_6595b64144ccf1df_6.0.22621.2215_none_270d72677387dfc3\COMCTL32.dll
0x00007ffd28c60000 - 0x00007ffd28c91000 	C:\WINDOWS\System32\IMM32.DLL
0x00007ffd20030000 - 0x00007ffd20045000 	C:\Program Files\Eclipse Adoptium\jdk-8.0.382.5-hotspot\jre\bin\vcruntime140.dll
0x00007ffd14ca0000 - 0x00007ffd14d3b000 	C:\Program Files\Eclipse Adoptium\jdk-8.0.382.5-hotspot\jre\bin\msvcp140.dll
0x00000000540b0000 - 0x0000000054908000 	C:\Program Files\Eclipse Adoptium\jdk-8.0.382.5-hotspot\jre\bin\server\jvm.dll
0x00007ffd27fa0000 - 0x00007ffd27fa8000 	C:\WINDOWS\System32\PSAPI.DLL
0x00007ffd1f700000 - 0x00007ffd1f709000 	C:\WINDOWS\SYSTEM32\WSOCK32.dll
0x00007ffd280d0000 - 0x00007ffd28141000 	C:\WINDOWS\System32\WS2_32.dll
0x00007ffd1f9d0000 - 0x00007ffd1fa04000 	C:\WINDOWS\SYSTEM32\WINMM.dll
0x00007ffd1f5d0000 - 0x00007ffd1f5da000 	C:\WINDOWS\SYSTEM32\VERSION.dll
0x00007ffd25c60000 - 0x00007ffd25c78000 	C:\WINDOWS\SYSTEM32\kernel.appcore.dll
0x00007ffd21e00000 - 0x00007ffd21e10000 	C:\Program Files\Eclipse Adoptium\jdk-8.0.382.5-hotspot\jre\bin\verify.dll
0x00007ffd16360000 - 0x00007ffd1638b000 	C:\Program Files\Eclipse Adoptium\jdk-8.0.382.5-hotspot\jre\bin\java.dll
0x00007ffd16340000 - 0x00007ffd16358000 	C:\Program Files\Eclipse Adoptium\jdk-8.0.382.5-hotspot\jre\bin\zip.dll
0x00007ffd27750000 - 0x00007ffd27f73000 	C:\WINDOWS\System32\SHELL32.dll
0x00007ffd24c20000 - 0x00007ffd2550a000 	C:\WINDOWS\SYSTEM32\windows.storage.dll
0x00007ffd28150000 - 0x00007ffd284da000 	C:\WINDOWS\System32\combase.dll
0x00007ffd24ae0000 - 0x00007ffd24c1e000 	C:\WINDOWS\SYSTEM32\wintypes.dll
0x00007ffd29050000 - 0x00007ffd29143000 	C:\WINDOWS\System32\SHCORE.dll
0x00007ffd284e0000 - 0x00007ffd2853e000 	C:\WINDOWS\System32\shlwapi.dll
0x00007ffd26c10000 - 0x00007ffd26c36000 	C:\WINDOWS\SYSTEM32\profapi.dll
0x0000000065580000 - 0x0000000065616000 	C:\Users\valen\AppData\Local\Temp\libgdxvalen\12dfaa03\gdx64.dll
0x00007ffd263e0000 - 0x00007ffd263fb000 	C:\WINDOWS\SYSTEM32\CRYPTSP.dll
0x00007ffd25c80000 - 0x00007ffd25cb5000 	C:\WINDOWS\system32\rsaenh.dll
0x00007ffd26250000 - 0x00007ffd2627c000 	C:\WINDOWS\SYSTEM32\USERENV.dll
0x00007ffd265c0000 - 0x00007ffd265e8000 	C:\WINDOWS\SYSTEM32\bcrypt.dll
0x00007ffd273c0000 - 0x00007ffd2743a000 	C:\WINDOWS\System32\bcryptprimitives.dll
0x00007ffd26400000 - 0x00007ffd2640c000 	C:\WINDOWS\SYSTEM32\CRYPTBASE.dll
0x00007ffd16050000 - 0x00007ffd1606c000 	C:\Program Files\Eclipse Adoptium\jdk-8.0.382.5-hotspot\jre\bin\net.dll
0x00007ffd26170000 - 0x00007ffd261d9000 	C:\WINDOWS\system32\mswsock.dll
0x00007ffd25800000 - 0x00007ffd2582d000 	C:\WINDOWS\SYSTEM32\IPHLPAPI.DLL
0x00007ffd29670000 - 0x00007ffd29679000 	C:\WINDOWS\System32\NSI.dll
0x00007ffd1f600000 - 0x00007ffd1f619000 	C:\WINDOWS\SYSTEM32\dhcpcsvc6.DLL
0x00007ffd1f5e0000 - 0x00007ffd1f5ff000 	C:\WINDOWS\SYSTEM32\dhcpcsvc.DLL
0x00007ffd25830000 - 0x00007ffd25922000 	C:\WINDOWS\SYSTEM32\DNSAPI.dll
0x00007ffd151c0000 - 0x00007ffd151d3000 	C:\Program Files\Eclipse Adoptium\jdk-8.0.382.5-hotspot\jre\bin\nio.dll
0x0000000180000000 - 0x0000000180053000 	C:\Users\valen\AppData\Local\Temp\libgdxvalen\dc0f0009\lwjgl64.dll
0x00007ffd14f20000 - 0x00007ffd15020000 	C:\WINDOWS\SYSTEM32\OPENGL32.dll
0x00007ffd17950000 - 0x00007ffd1797d000 	C:\WINDOWS\SYSTEM32\GLU32.dll
0x00007ffd23f60000 - 0x00007ffd23f98000 	C:\WINDOWS\SYSTEM32\dxcore.dll
0x000001cf591f0000 - 0x000001cf59254000 	C:\Users\valen\AppData\Local\Temp\libgdxvalen\dc0f0009\OpenAL64.dll
0x00007ffd29150000 - 0x00007ffd292ee000 	C:\WINDOWS\System32\ole32.dll
0x00007ffd23e50000 - 0x00007ffd23efb000 	C:\WINDOWS\system32\uxtheme.dll
0x00007ffd295c0000 - 0x00007ffd29670000 	C:\WINDOWS\System32\clbcatq.dll
0x00007ffd1f810000 - 0x00007ffd1f8b2000 	C:\WINDOWS\SYSTEM32\dsound.dll
0x00007ffd165e0000 - 0x00007ffd16691000 	C:\WINDOWS\SYSTEM32\ResampleDmo.DLL
0x00007ffd28540000 - 0x00007ffd28617000 	C:\WINDOWS\System32\OLEAUT32.dll
0x00007ffd26bb0000 - 0x00007ffd26bfd000 	C:\WINDOWS\SYSTEM32\powrprof.dll
0x00007ffce4950000 - 0x00007ffce4979000 	C:\WINDOWS\SYSTEM32\winmmbase.dll
0x00007ffd23bf0000 - 0x00007ffd23bfb000 	C:\WINDOWS\SYSTEM32\msdmo.dll
0x00007ffd26b90000 - 0x00007ffd26ba3000 	C:\WINDOWS\SYSTEM32\UMPDC.dll
0x00007ffd18840000 - 0x00007ffd188dd000 	C:\WINDOWS\System32\MMDevApi.dll
0x00007ffd268b0000 - 0x00007ffd268dc000 	C:\WINDOWS\System32\DEVOBJ.dll
0x00007ffd268e0000 - 0x00007ffd2692e000 	C:\WINDOWS\SYSTEM32\cfgmgr32.dll
0x00007ffd15250000 - 0x00007ffd1543c000 	C:\WINDOWS\SYSTEM32\AUDIOSES.DLL
0x00007ffd24650000 - 0x00007ffd2487e000 	C:\WINDOWS\SYSTEM32\dbghelp.dll

VM Arguments:
jvm_args: -Duser.language=es_AR -Dfile.encoding=UTF-8 
java_command: org.uqbar.project.wollok.launch.WollokLauncher -requestsPort 0 -eventsPort 0 -folder -dontValidate -wf src/game.wpgm
java_class_path (initial): C:\Users\valen\git\tp-game-s2-bomberman2023\bin;C:\Users\valen\OneDrive\Escritorio\UNSAM\Wollok\wollok-win32.win32.x86_64\plugins\com.ibm.icu_64.2.0.v20190507-1337.jar;C:\Users\valen\OneDrive\Escritorio\UNSAM\Wollok\wollok-win32.win32.x86_64\plugins\org.eclipse.xtext_2.20.0.v20191202-0915.jar;C:\Users\valen\OneDrive\Escritorio\UNSAM\Wollok\wollok-win32.win32.x86_64\plugins\org.eclipse.emf.ecore.xmi_2.16.0.v20190528-0725.jar;C:\Users\valen\OneDrive\Escritorio\UNSAM\Wollok\wollok-win32.win32.x86_64\plugins\org.eclipse.emf.ecore_2.20.0.v20190920-0401.jar;C:\Users\valen\OneDrive\Escritorio\UNSAM\Wollok\wollok-win32.win32.x86_64\plugins\org.eclipse.emf.common_2.17.0.v20190920-0401.jar;C:\Users\valen\OneDrive\Escritorio\UNSAM\Wollok\wollok-win32.win32.x86_64\plugins\org.antlr.runtime_3.2.0.v201101311130.jar;C:\Users\valen\OneDrive\Escritorio\UNSAM\Wollok\wollok-win32.win32.x86_64\plugins\com.google.inject_3.0.0.v201605172100.jar;C:\Users\valen\OneDrive\Escritorio\UNSAM\Wollok\wollok-win32.win32.x86_64\plugins\org.eclipse.emf.mwe.core_1.5.1.v20191121-1148.jar;C:\Users\valen\OneDrive\Escritorio\UNSAM\Wollok\wollok-win32.win32.x86_64\plugins\org.apache.commons.cli_1.2.0.v201404270220.jar;C:\Users\valen\OneDrive\Escritorio\UNSAM\Wollok\wollok-win32.win32.x86_64\plugins\org.eclipse.emf.mwe2.runtime_2.11.1.v20191121-1148.jar;C:\Users\valen\OneDrive\Escritorio\UNSAM\Wollok\wollok-win32.win32.x86_64\plugins\org.eclipse.emf.mwe.utils_1.5.1.v20191121-1148.jar;C:\Users\valen\OneDrive\Escritorio\UNSAM\Wollok\wollok-win32.win32.x86_64\plugins\org.eclipse.xtext.util_2.20.0.v20191202-0915.jar;C:\Users\valen\OneDrive\Escritorio\UNSAM\Wollok\wollok-win32.win32.x86_64\plugins\com.google.guava_27.1.0.v20190517-1946.jar;C:\Users\valen\OneDrive\Escritorio\UNSAM\Wollok\wollok-win32.win32.x86_64\plugins\javax.inject_1.0.0.v20091030.jar;C:\Users\valen\OneDrive\Escritorio\UNSAM\Wollok\wollok-win32.win32.x86_64\plugins\org.eclipse.xtext.generator_2.20.0.v20191202-0933.
Launcher Type: SUN_STANDARD

Environment Variables:
PATH=C:/Program Files/Eclipse Adoptium/jdk-8.0.382.5-hotspot/bin/../jre/bin/server;C:/Program Files/Eclipse Adoptium/jdk-8.0.382.5-hotspot/bin/../jre/bin;C:/Program Files/Eclipse Adoptium/jdk-8.0.382.5-hotspot/bin/../jre/lib/amd64;C:\Program Files\Eclipse Adoptium\jdk-8.0.382.5-hotspot\bin;C:\WINDOWS\system32;C:\WINDOWS;C:\WINDOWS\System32\Wbem;C:\WINDOWS\System32\WindowsPowerShell\v1.0\;C:\WINDOWS\System32\OpenSSH\;C:\Users\valen\AppData\Local\Programs\Python\Python311\Scripts\;C:\Users\valen\AppData\Local\Programs\Python\Python311\;C:\Users\valen\AppData\Local\Programs\Python\Python311\Scripts;C:\Users\valen\AppData\Local\Programs\Python\Python311;C:\Users\valen\AppData\Local\Microsoft\WindowsApps;C:\Users\valen\AppData\Local\Programs\Microsoft VS Code\bin;;C:\Users\valen\OneDrive\Escritorio\UNSAM\Wollok\wollok-win32.win32.x86_64;
USERNAME=valen
OS=Windows_NT
PROCESSOR_IDENTIFIER=Intel64 Family 6 Model 122 Stepping 8, GenuineIntel



---------------  S Y S T E M  ---------------

OS: Windows 11 , 64 bit Build 22621 (10.0.22621.2215)

CPU:total 2 (initial active 2) (2 cores per cpu, 1 threads per core) family 6 model 122 stepping 8, cmov, cx8, fxsr, mmx, sse, sse2, sse3, ssse3, sse4.1, sse4.2, popcnt, aes, clmul, erms, 3dnowpref, tsc, tscinvbit

Memory: 4k page, physical 4014332k(447688k free), swap 7684348k(1162080k free)

vm_info: OpenJDK 64-Bit Server VM (25.382-b05) for windows-amd64 JRE (1.8.0_382-b05), built on Jul 19 2023 15:37:29 by "jenkins" with MS VC++ 15.9 (VS2017)

time: Thu Oct 19 19:19:00 2023
timezone: Hora estándar de Argentina
elapsed time: 5.574027 seconds (0d 0h 0m 5s)

